{"/app/api/index.js":{"path":"/app/api/index.js","statementMap":{"0":{"start":{"line":3,"column":29},"end":{"line":3,"column":84}},"1":{"start":{"line":5,"column":0},"end":{"line":7,"column":3}},"2":{"start":{"line":8,"column":0},"end":{"line":8,"column":28}},"3":{"start":{"line":10,"column":15},"end":{"line":10,"column":57}},"4":{"start":{"line":12,"column":18},"end":{"line":12,"column":64}},"5":{"start":{"line":14,"column":21},"end":{"line":14,"column":89}},"6":{"start":{"line":16,"column":19},"end":{"line":16,"column":85}},"7":{"start":{"line":18,"column":18},"end":{"line":18,"column":83}},"8":{"start":{"line":20,"column":10},"end":{"line":20,"column":36}},"9":{"start":{"line":21,"column":0},"end":{"line":21,"column":39}},"10":{"start":{"line":22,"column":0},"end":{"line":24,"column":4}},"11":{"start":{"line":25,"column":11},"end":{"line":25,"column":35}},"12":{"start":{"line":26,"column":0},"end":{"line":26,"column":48}},"13":{"start":{"line":27,"column":0},"end":{"line":27,"column":44}},"14":{"start":{"line":28,"column":0},"end":{"line":28,"column":42}},"15":{"start":{"line":29,"column":0},"end":{"line":31,"column":3}},"16":{"start":{"line":30,"column":2},"end":{"line":30,"column":63}},"17":{"start":{"line":32,"column":0},"end":{"line":34,"column":3}},"18":{"start":{"line":33,"column":2},"end":{"line":33,"column":57}},"19":{"start":{"line":35,"column":15},"end":{"line":35,"column":18}},"20":{"start":{"line":36,"column":0},"end":{"line":36,"column":30}}},"fnMap":{"0":{"name":"(anonymous_0)","decl":{"start":{"line":29,"column":13},"end":{"line":29,"column":14}},"loc":{"start":{"line":29,"column":33},"end":{"line":31,"column":1}},"line":29},"1":{"name":"(anonymous_1)","decl":{"start":{"line":32,"column":17},"end":{"line":32,"column":18}},"loc":{"start":{"line":32,"column":29},"end":{"line":34,"column":1}},"line":32}},"branchMap":{"0":{"loc":{"start":{"line":25,"column":11},"end":{"line":25,"column":35}},"type":"binary-expr","locations":[{"start":{"line":25,"column":11},"end":{"line":25,"column":27}},{"start":{"line":25,"column":31},"end":{"line":25,"column":35}}],"line":25}},"s":{"0":1,"1":1,"2":1,"3":1,"4":1,"5":1,"6":1,"7":1,"8":1,"9":1,"10":1,"11":1,"12":1,"13":1,"14":1,"15":1,"16":0,"17":1,"18":1,"19":1,"20":1},"f":{"0":0,"1":1},"b":{"0":[1,1]},"inputSourceMap":{"version":3,"sources":["index.js"],"names":["app","use","bodyParser","json","urlencoded","extended","port","process","env","PORT","routes","routesOrder","routesUser","get","req","res","status","send","listen","console","log"],"mappings":";;;;;;;;;AAAA;;AACA;;AACA;;AACA;;AACA;;AAEA,IAAMA,GAAG,GAAG,0BAAZ;AACAA,GAAG,CAACC,GAAJ,CAAQC,uBAAWC,IAAX,EAAR;AACAH,GAAG,CAACC,GAAJ,CAAQC,uBAAWE,UAAX,CAAsB;AAAEC,EAAAA,QAAQ,EAAE;AAAZ,CAAtB,CAAR;AAEA,IAAMC,IAAI,GAAGC,OAAO,CAACC,GAAR,CAAYC,IAAZ,IAAoB,IAAjC;AAEAT,GAAG,CAACC,GAAJ,CAAQ,WAAR,EAAqBS,yBAArB;AACAV,GAAG,CAACC,GAAJ,CAAQ,SAAR,EAAmBU,uBAAnB;AACAX,GAAG,CAACC,GAAJ,CAAQ,QAAR,EAAkBW,sBAAlB;AAEAZ,GAAG,CAACa,GAAJ,CAAQ,GAAR,EAAa,UAACC,GAAD,EAAMC,GAAN;AAAA,SAAcA,GAAG,CAACC,MAAJ,CAAW,GAAX,EAAgBC,IAAhB,CAAqB,+BAArB,CAAd;AAAA,CAAb;AAEAjB,GAAG,CAACkB,MAAJ,CAAWZ,IAAX,EAAiB,YAAM;AACpBa,EAAAA,OAAO,CAACC,GAAR,qCAAyCd,IAAzC;AACF,CAFD;eAIeN,G","sourceRoot":"/app/api/","sourcesContent":["import express from 'express'\nimport bodyParser from 'body-parser'\nimport routes from './server/src/routes/ProductRoutes'\nimport routesOrder from './server/src/routes/OrderRoutes'\nimport routesUser from './server/src/routes/UserRoutes'\n\nconst app = express()\napp.use(bodyParser.json())\napp.use(bodyParser.urlencoded({ extended: false }))\n\nconst port = process.env.PORT || 3000\n\napp.use('/products', routes);\napp.use('/orders', routesOrder);\napp.use('/users', routesUser);\n\napp.get('*', (req, res) => res.status(200).send('Esta é a API do Burger Queen.'))\n\napp.listen(port, () => {\n   console.log(`Server is running on PORT ${port}`)\n})\n\nexport default app"]},"_coverageSchema":"1a1c01bbd47fc00a2c39e90264f33305004495a9","hash":"45ee12b1ee15c9392f049791dcbd95aad3c56d50","contentHash":"b32e7bb80c312e73dac98b0bbae2925058145caa05996876c2af9bed37abe0bd"},"/app/api/server/src/routes/ProductRoutes.js":{"path":"/app/api/server/src/routes/ProductRoutes.js","statementMap":{"0":{"start":{"line":3,"column":29},"end":{"line":3,"column":84}},"1":{"start":{"line":5,"column":0},"end":{"line":7,"column":3}},"2":{"start":{"line":8,"column":0},"end":{"line":8,"column":28}},"3":{"start":{"line":10,"column":15},"end":{"line":10,"column":33}},"4":{"start":{"line":12,"column":25},"end":{"line":12,"column":92}},"5":{"start":{"line":14,"column":13},"end":{"line":14,"column":35}},"6":{"start":{"line":15,"column":0},"end":{"line":15,"column":62}},"7":{"start":{"line":16,"column":0},"end":{"line":16,"column":59}},"8":{"start":{"line":17,"column":0},"end":{"line":17,"column":61}},"9":{"start":{"line":18,"column":0},"end":{"line":18,"column":65}},"10":{"start":{"line":19,"column":0},"end":{"line":19,"column":70}},"11":{"start":{"line":20,"column":15},"end":{"line":20,"column":21}},"12":{"start":{"line":21,"column":0},"end":{"line":21,"column":30}}},"fnMap":{},"branchMap":{},"s":{"0":1,"1":1,"2":1,"3":1,"4":1,"5":1,"6":1,"7":1,"8":1,"9":1,"10":1,"11":1,"12":1},"f":{},"b":{},"inputSourceMap":{"version":3,"sources":["ProductRoutes.js"],"names":["router","get","ProductController","getAllProducts","post","addProduct","getProduct","put","updatedProduct","deleteProduct"],"mappings":";;;;;;;;;AAAA;;AACA;;AAEA,IAAMA,MAAM,GAAG,sBAAf;AACAA,MAAM,CAACC,GAAP,CAAW,GAAX,EAAgBC,8BAAkBC,cAAlC;AACAH,MAAM,CAACI,IAAP,CAAY,GAAZ,EAAiBF,8BAAkBG,UAAnC;AACAL,MAAM,CAACC,GAAP,CAAW,MAAX,EAAmBC,8BAAkBI,UAArC;AACAN,MAAM,CAACO,GAAP,CAAW,MAAX,EAAmBL,8BAAkBM,cAArC;AACAR,MAAM,UAAN,CAAc,MAAd,EAAsBE,8BAAkBO,aAAxC;eAEeT,M","sourceRoot":"/app/api/server/src/routes/","sourcesContent":["import { Router } from 'express'\nimport ProductController from '../controllers/ProductController'\n\nconst router = Router()\nrouter.get('/', ProductController.getAllProducts)\nrouter.post('/', ProductController.addProduct)\nrouter.get('/:id', ProductController.getProduct)\nrouter.put('/:id', ProductController.updatedProduct)\nrouter.delete('/:id', ProductController.deleteProduct)\n\nexport default router"]},"_coverageSchema":"1a1c01bbd47fc00a2c39e90264f33305004495a9","hash":"9480507b3f0028bf4a5af32e4c72498cdd151e7f","contentHash":"79d89a73b0c3d052300a35d8963dd181ca6e2432599709deac770a441754e656"},"/app/api/server/src/controllers/ProductController.js":{"path":"/app/api/server/src/controllers/ProductController.js","statementMap":{"0":{"start":{"line":3,"column":29},"end":{"line":3,"column":84}},"1":{"start":{"line":5,"column":0},"end":{"line":7,"column":3}},"2":{"start":{"line":8,"column":0},"end":{"line":8,"column":28}},"3":{"start":{"line":10,"column":19},"end":{"line":10,"column":80}},"4":{"start":{"line":12,"column":25},"end":{"line":12,"column":99}},"5":{"start":{"line":14,"column":23},"end":{"line":14,"column":95}},"6":{"start":{"line":16,"column":20},"end":{"line":16,"column":89}},"7":{"start":{"line":18,"column":22},"end":{"line":18,"column":83}},"8":{"start":{"line":20,"column":12},"end":{"line":20,"column":53}},"9":{"start":{"line":22,"column":11},"end":{"line":22,"column":33}},"10":{"start":{"line":24,"column":37},"end":{"line":291,"column":3}},"11":{"start":{"line":26,"column":4},"end":{"line":26,"column":62}},"12":{"start":{"line":29,"column":2},"end":{"line":289,"column":6}},"13":{"start":{"line":32,"column":28},"end":{"line":65,"column":9}},"14":{"start":{"line":34,"column":8},"end":{"line":64,"column":36}},"15":{"start":{"line":35,"column":10},"end":{"line":63,"column":11}},"16":{"start":{"line":36,"column":12},"end":{"line":62,"column":13}},"17":{"start":{"line":38,"column":16},"end":{"line":38,"column":34}},"18":{"start":{"line":39,"column":16},"end":{"line":39,"column":34}},"19":{"start":{"line":40,"column":16},"end":{"line":40,"column":67}},"20":{"start":{"line":43,"column":16},"end":{"line":43,"column":44}},"21":{"start":{"line":45,"column":16},"end":{"line":49,"column":17}},"22":{"start":{"line":46,"column":18},"end":{"line":46,"column":74}},"23":{"start":{"line":48,"column":18},"end":{"line":48,"column":59}},"24":{"start":{"line":51,"column":16},"end":{"line":51,"column":65}},"25":{"start":{"line":54,"column":16},"end":{"line":54,"column":34}},"26":{"start":{"line":55,"column":16},"end":{"line":55,"column":51}},"27":{"start":{"line":56,"column":16},"end":{"line":56,"column":48}},"28":{"start":{"line":57,"column":16},"end":{"line":57,"column":65}},"29":{"start":{"line":61,"column":16},"end":{"line":61,"column":39}},"30":{"start":{"line":68,"column":8},"end":{"line":68,"column":54}},"31":{"start":{"line":71,"column":6},"end":{"line":71,"column":28}},"32":{"start":{"line":76,"column":24},"end":{"line":115,"column":9}},"33":{"start":{"line":78,"column":8},"end":{"line":114,"column":38}},"34":{"start":{"line":79,"column":10},"end":{"line":113,"column":11}},"35":{"start":{"line":80,"column":12},"end":{"line":112,"column":13}},"36":{"start":{"line":82,"column":16},"end":{"line":82,"column":59}},"37":{"start":{"line":84,"column":16},"end":{"line":87,"column":17}},"38":{"start":{"line":85,"column":18},"end":{"line":85,"column":37}},"39":{"start":{"line":86,"column":18},"end":{"line":86,"column":24}},"40":{"start":{"line":89,"column":16},"end":{"line":89,"column":62}},"41":{"start":{"line":90,"column":16},"end":{"line":90,"column":66}},"42":{"start":{"line":93,"column":16},"end":{"line":93,"column":38}},"43":{"start":{"line":94,"column":16},"end":{"line":94,"column":35}},"44":{"start":{"line":95,"column":16},"end":{"line":95,"column":35}},"45":{"start":{"line":96,"column":16},"end":{"line":96,"column":73}},"46":{"start":{"line":99,"column":16},"end":{"line":99,"column":48}},"47":{"start":{"line":100,"column":16},"end":{"line":100,"column":71}},"48":{"start":{"line":101,"column":16},"end":{"line":101,"column":66}},"49":{"start":{"line":104,"column":16},"end":{"line":104,"column":36}},"50":{"start":{"line":105,"column":16},"end":{"line":105,"column":53}},"51":{"start":{"line":106,"column":16},"end":{"line":106,"column":57}},"52":{"start":{"line":107,"column":16},"end":{"line":107,"column":66}},"53":{"start":{"line":111,"column":16},"end":{"line":111,"column":40}},"54":{"start":{"line":118,"column":8},"end":{"line":118,"column":50}},"55":{"start":{"line":121,"column":6},"end":{"line":121,"column":24}},"56":{"start":{"line":126,"column":28},"end":{"line":171,"column":9}},"57":{"start":{"line":128,"column":8},"end":{"line":170,"column":38}},"58":{"start":{"line":129,"column":10},"end":{"line":169,"column":11}},"59":{"start":{"line":130,"column":12},"end":{"line":168,"column":13}},"60":{"start":{"line":132,"column":16},"end":{"line":132,"column":42}},"61":{"start":{"line":133,"column":16},"end":{"line":133,"column":35}},"62":{"start":{"line":135,"column":16},"end":{"line":138,"column":17}},"63":{"start":{"line":136,"column":18},"end":{"line":136,"column":37}},"64":{"start":{"line":137,"column":18},"end":{"line":137,"column":24}},"65":{"start":{"line":140,"column":16},"end":{"line":140,"column":73}},"66":{"start":{"line":141,"column":16},"end":{"line":141,"column":66}},"67":{"start":{"line":144,"column":16},"end":{"line":144,"column":35}},"68":{"start":{"line":145,"column":16},"end":{"line":145,"column":35}},"69":{"start":{"line":146,"column":16},"end":{"line":146,"column":84}},"70":{"start":{"line":149,"column":16},"end":{"line":149,"column":47}},"71":{"start":{"line":151,"column":16},"end":{"line":155,"column":17}},"72":{"start":{"line":152,"column":18},"end":{"line":152,"column":85}},"73":{"start":{"line":154,"column":18},"end":{"line":154,"column":73}},"74":{"start":{"line":157,"column":16},"end":{"line":157,"column":66}},"75":{"start":{"line":160,"column":16},"end":{"line":160,"column":36}},"76":{"start":{"line":161,"column":16},"end":{"line":161,"column":53}},"77":{"start":{"line":162,"column":16},"end":{"line":162,"column":49}},"78":{"start":{"line":163,"column":16},"end":{"line":163,"column":66}},"79":{"start":{"line":167,"column":16},"end":{"line":167,"column":40}},"80":{"start":{"line":174,"column":8},"end":{"line":174,"column":54}},"81":{"start":{"line":177,"column":6},"end":{"line":177,"column":28}},"82":{"start":{"line":182,"column":24},"end":{"line":226,"column":9}},"83":{"start":{"line":184,"column":8},"end":{"line":225,"column":38}},"84":{"start":{"line":185,"column":10},"end":{"line":224,"column":11}},"85":{"start":{"line":186,"column":12},"end":{"line":223,"column":13}},"86":{"start":{"line":188,"column":16},"end":{"line":188,"column":35}},"87":{"start":{"line":190,"column":16},"end":{"line":193,"column":17}},"88":{"start":{"line":191,"column":18},"end":{"line":191,"column":37}},"89":{"start":{"line":192,"column":18},"end":{"line":192,"column":24}},"90":{"start":{"line":195,"column":16},"end":{"line":195,"column":73}},"91":{"start":{"line":196,"column":16},"end":{"line":196,"column":66}},"92":{"start":{"line":199,"column":16},"end":{"line":199,"column":35}},"93":{"start":{"line":200,"column":16},"end":{"line":200,"column":35}},"94":{"start":{"line":201,"column":16},"end":{"line":201,"column":65}},"95":{"start":{"line":204,"column":16},"end":{"line":204,"column":44}},"96":{"start":{"line":206,"column":16},"end":{"line":210,"column":17}},"97":{"start":{"line":207,"column":18},"end":{"line":207,"column":84}},"98":{"start":{"line":209,"column":18},"end":{"line":209,"column":68}},"99":{"start":{"line":212,"column":16},"end":{"line":212,"column":66}},"100":{"start":{"line":215,"column":16},"end":{"line":215,"column":36}},"101":{"start":{"line":216,"column":16},"end":{"line":216,"column":53}},"102":{"start":{"line":217,"column":16},"end":{"line":217,"column":49}},"103":{"start":{"line":218,"column":16},"end":{"line":218,"column":66}},"104":{"start":{"line":222,"column":16},"end":{"line":222,"column":40}},"105":{"start":{"line":229,"column":8},"end":{"line":229,"column":50}},"106":{"start":{"line":232,"column":6},"end":{"line":232,"column":24}},"107":{"start":{"line":237,"column":27},"end":{"line":281,"column":9}},"108":{"start":{"line":239,"column":8},"end":{"line":280,"column":38}},"109":{"start":{"line":240,"column":10},"end":{"line":279,"column":11}},"110":{"start":{"line":241,"column":12},"end":{"line":278,"column":13}},"111":{"start":{"line":243,"column":16},"end":{"line":243,"column":35}},"112":{"start":{"line":245,"column":16},"end":{"line":248,"column":17}},"113":{"start":{"line":246,"column":18},"end":{"line":246,"column":37}},"114":{"start":{"line":247,"column":18},"end":{"line":247,"column":24}},"115":{"start":{"line":250,"column":16},"end":{"line":250,"column":69}},"116":{"start":{"line":251,"column":16},"end":{"line":251,"column":66}},"117":{"start":{"line":254,"column":16},"end":{"line":254,"column":35}},"118":{"start":{"line":255,"column":16},"end":{"line":255,"column":35}},"119":{"start":{"line":256,"column":16},"end":{"line":256,"column":68}},"120":{"start":{"line":259,"column":16},"end":{"line":259,"column":49}},"121":{"start":{"line":261,"column":16},"end":{"line":265,"column":17}},"122":{"start":{"line":262,"column":18},"end":{"line":262,"column":58}},"123":{"start":{"line":264,"column":18},"end":{"line":264,"column":92}},"124":{"start":{"line":267,"column":16},"end":{"line":267,"column":66}},"125":{"start":{"line":270,"column":16},"end":{"line":270,"column":36}},"126":{"start":{"line":271,"column":16},"end":{"line":271,"column":53}},"127":{"start":{"line":272,"column":16},"end":{"line":272,"column":49}},"128":{"start":{"line":273,"column":16},"end":{"line":273,"column":66}},"129":{"start":{"line":277,"column":16},"end":{"line":277,"column":40}},"130":{"start":{"line":284,"column":8},"end":{"line":284,"column":53}},"131":{"start":{"line":287,"column":6},"end":{"line":287,"column":27}},"132":{"start":{"line":290,"column":2},"end":{"line":290,"column":27}},"133":{"start":{"line":293,"column":15},"end":{"line":293,"column":32}},"134":{"start":{"line":294,"column":0},"end":{"line":294,"column":30}}},"fnMap":{"0":{"name":"(anonymous_0)","decl":{"start":{"line":24,"column":37},"end":{"line":24,"column":38}},"loc":{"start":{"line":24,"column":49},"end":{"line":291,"column":1}},"line":24},"1":{"name":"ProductController","decl":{"start":{"line":25,"column":11},"end":{"line":25,"column":28}},"loc":{"start":{"line":25,"column":31},"end":{"line":27,"column":3}},"line":25},"2":{"name":"(anonymous_2)","decl":{"start":{"line":31,"column":11},"end":{"line":31,"column":12}},"loc":{"start":{"line":31,"column":23},"end":{"line":72,"column":5}},"line":31},"3":{"name":"_callee","decl":{"start":{"line":32,"column":115},"end":{"line":32,"column":122}},"loc":{"start":{"line":32,"column":133},"end":{"line":65,"column":7}},"line":32},"4":{"name":"_callee$","decl":{"start":{"line":34,"column":53},"end":{"line":34,"column":61}},"loc":{"start":{"line":34,"column":72},"end":{"line":64,"column":9}},"line":34},"5":{"name":"getAllProducts","decl":{"start":{"line":67,"column":15},"end":{"line":67,"column":29}},"loc":{"start":{"line":67,"column":39},"end":{"line":69,"column":7}},"line":67},"6":{"name":"(anonymous_6)","decl":{"start":{"line":75,"column":11},"end":{"line":75,"column":12}},"loc":{"start":{"line":75,"column":23},"end":{"line":122,"column":5}},"line":75},"7":{"name":"_callee2","decl":{"start":{"line":76,"column":111},"end":{"line":76,"column":119}},"loc":{"start":{"line":76,"column":130},"end":{"line":115,"column":7}},"line":76},"8":{"name":"_callee2$","decl":{"start":{"line":78,"column":53},"end":{"line":78,"column":62}},"loc":{"start":{"line":78,"column":74},"end":{"line":114,"column":9}},"line":78},"9":{"name":"addProduct","decl":{"start":{"line":117,"column":15},"end":{"line":117,"column":25}},"loc":{"start":{"line":117,"column":36},"end":{"line":119,"column":7}},"line":117},"10":{"name":"(anonymous_10)","decl":{"start":{"line":125,"column":11},"end":{"line":125,"column":12}},"loc":{"start":{"line":125,"column":23},"end":{"line":178,"column":5}},"line":125},"11":{"name":"_callee3","decl":{"start":{"line":126,"column":115},"end":{"line":126,"column":123}},"loc":{"start":{"line":126,"column":134},"end":{"line":171,"column":7}},"line":126},"12":{"name":"_callee3$","decl":{"start":{"line":128,"column":53},"end":{"line":128,"column":62}},"loc":{"start":{"line":128,"column":74},"end":{"line":170,"column":9}},"line":128},"13":{"name":"updatedProduct","decl":{"start":{"line":173,"column":15},"end":{"line":173,"column":29}},"loc":{"start":{"line":173,"column":40},"end":{"line":175,"column":7}},"line":173},"14":{"name":"(anonymous_14)","decl":{"start":{"line":181,"column":11},"end":{"line":181,"column":12}},"loc":{"start":{"line":181,"column":23},"end":{"line":233,"column":5}},"line":181},"15":{"name":"_callee4","decl":{"start":{"line":182,"column":111},"end":{"line":182,"column":119}},"loc":{"start":{"line":182,"column":130},"end":{"line":226,"column":7}},"line":182},"16":{"name":"_callee4$","decl":{"start":{"line":184,"column":53},"end":{"line":184,"column":62}},"loc":{"start":{"line":184,"column":74},"end":{"line":225,"column":9}},"line":184},"17":{"name":"getProduct","decl":{"start":{"line":228,"column":15},"end":{"line":228,"column":25}},"loc":{"start":{"line":228,"column":36},"end":{"line":230,"column":7}},"line":228},"18":{"name":"(anonymous_18)","decl":{"start":{"line":236,"column":11},"end":{"line":236,"column":12}},"loc":{"start":{"line":236,"column":23},"end":{"line":288,"column":5}},"line":236},"19":{"name":"_callee5","decl":{"start":{"line":237,"column":114},"end":{"line":237,"column":122}},"loc":{"start":{"line":237,"column":133},"end":{"line":281,"column":7}},"line":237},"20":{"name":"_callee5$","decl":{"start":{"line":239,"column":53},"end":{"line":239,"column":62}},"loc":{"start":{"line":239,"column":74},"end":{"line":280,"column":9}},"line":239},"21":{"name":"deleteProduct","decl":{"start":{"line":283,"column":15},"end":{"line":283,"column":28}},"loc":{"start":{"line":283,"column":40},"end":{"line":285,"column":7}},"line":283}},"branchMap":{"0":{"loc":{"start":{"line":36,"column":12},"end":{"line":62,"column":13}},"type":"switch","locations":[{"start":{"line":37,"column":14},"end":{"line":40,"column":67}},{"start":{"line":42,"column":14},"end":{"line":51,"column":65}},{"start":{"line":53,"column":14},"end":{"line":57,"column":65}},{"start":{"line":59,"column":14},"end":{"line":59,"column":22}},{"start":{"line":60,"column":14},"end":{"line":61,"column":39}}],"line":36},"1":{"loc":{"start":{"line":45,"column":16},"end":{"line":49,"column":17}},"type":"if","locations":[{"start":{"line":45,"column":16},"end":{"line":49,"column":17}},{"start":{"line":45,"column":16},"end":{"line":49,"column":17}}],"line":45},"2":{"loc":{"start":{"line":80,"column":12},"end":{"line":112,"column":13}},"type":"switch","locations":[{"start":{"line":81,"column":14},"end":{"line":90,"column":66}},{"start":{"line":92,"column":14},"end":{"line":96,"column":73}},{"start":{"line":98,"column":14},"end":{"line":101,"column":66}},{"start":{"line":103,"column":14},"end":{"line":107,"column":66}},{"start":{"line":109,"column":14},"end":{"line":109,"column":22}},{"start":{"line":110,"column":14},"end":{"line":111,"column":40}}],"line":80},"3":{"loc":{"start":{"line":84,"column":16},"end":{"line":87,"column":17}},"type":"if","locations":[{"start":{"line":84,"column":16},"end":{"line":87,"column":17}},{"start":{"line":84,"column":16},"end":{"line":87,"column":17}}],"line":84},"4":{"loc":{"start":{"line":84,"column":22},"end":{"line":84,"column":99}},"type":"binary-expr","locations":[{"start":{"line":84,"column":22},"end":{"line":84,"column":36}},{"start":{"line":84,"column":40},"end":{"line":84,"column":55}},{"start":{"line":84,"column":59},"end":{"line":84,"column":99}}],"line":84},"5":{"loc":{"start":{"line":130,"column":12},"end":{"line":168,"column":13}},"type":"switch","locations":[{"start":{"line":131,"column":14},"end":{"line":141,"column":66}},{"start":{"line":143,"column":14},"end":{"line":146,"column":84}},{"start":{"line":148,"column":14},"end":{"line":157,"column":66}},{"start":{"line":159,"column":14},"end":{"line":163,"column":66}},{"start":{"line":165,"column":14},"end":{"line":165,"column":22}},{"start":{"line":166,"column":14},"end":{"line":167,"column":40}}],"line":130},"6":{"loc":{"start":{"line":135,"column":16},"end":{"line":138,"column":17}},"type":"if","locations":[{"start":{"line":135,"column":16},"end":{"line":138,"column":17}},{"start":{"line":135,"column":16},"end":{"line":138,"column":17}}],"line":135},"7":{"loc":{"start":{"line":151,"column":16},"end":{"line":155,"column":17}},"type":"if","locations":[{"start":{"line":151,"column":16},"end":{"line":155,"column":17}},{"start":{"line":151,"column":16},"end":{"line":155,"column":17}}],"line":151},"8":{"loc":{"start":{"line":186,"column":12},"end":{"line":223,"column":13}},"type":"switch","locations":[{"start":{"line":187,"column":14},"end":{"line":196,"column":66}},{"start":{"line":198,"column":14},"end":{"line":201,"column":65}},{"start":{"line":203,"column":14},"end":{"line":212,"column":66}},{"start":{"line":214,"column":14},"end":{"line":218,"column":66}},{"start":{"line":220,"column":14},"end":{"line":220,"column":22}},{"start":{"line":221,"column":14},"end":{"line":222,"column":40}}],"line":186},"9":{"loc":{"start":{"line":190,"column":16},"end":{"line":193,"column":17}},"type":"if","locations":[{"start":{"line":190,"column":16},"end":{"line":193,"column":17}},{"start":{"line":190,"column":16},"end":{"line":193,"column":17}}],"line":190},"10":{"loc":{"start":{"line":206,"column":16},"end":{"line":210,"column":17}},"type":"if","locations":[{"start":{"line":206,"column":16},"end":{"line":210,"column":17}},{"start":{"line":206,"column":16},"end":{"line":210,"column":17}}],"line":206},"11":{"loc":{"start":{"line":241,"column":12},"end":{"line":278,"column":13}},"type":"switch","locations":[{"start":{"line":242,"column":14},"end":{"line":251,"column":66}},{"start":{"line":253,"column":14},"end":{"line":256,"column":68}},{"start":{"line":258,"column":14},"end":{"line":267,"column":66}},{"start":{"line":269,"column":14},"end":{"line":273,"column":66}},{"start":{"line":275,"column":14},"end":{"line":275,"column":22}},{"start":{"line":276,"column":14},"end":{"line":277,"column":40}}],"line":241},"12":{"loc":{"start":{"line":245,"column":16},"end":{"line":248,"column":17}},"type":"if","locations":[{"start":{"line":245,"column":16},"end":{"line":248,"column":17}},{"start":{"line":245,"column":16},"end":{"line":248,"column":17}}],"line":245},"13":{"loc":{"start":{"line":261,"column":16},"end":{"line":265,"column":17}},"type":"if","locations":[{"start":{"line":261,"column":16},"end":{"line":265,"column":17}},{"start":{"line":261,"column":16},"end":{"line":265,"column":17}}],"line":261}},"s":{"0":1,"1":1,"2":1,"3":1,"4":1,"5":1,"6":1,"7":1,"8":1,"9":1,"10":1,"11":0,"12":1,"13":1,"14":1,"15":3,"16":3,"17":1,"18":1,"19":1,"20":1,"21":1,"22":1,"23":0,"24":1,"25":0,"26":0,"27":0,"28":0,"29":1,"30":1,"31":1,"32":1,"33":2,"34":5,"35":6,"36":2,"37":2,"38":1,"39":1,"40":1,"41":1,"42":1,"43":1,"44":1,"45":1,"46":1,"47":1,"48":1,"49":0,"50":0,"51":0,"52":0,"53":2,"54":2,"55":1,"56":1,"57":3,"58":8,"59":10,"60":3,"61":3,"62":3,"63":2,"64":2,"65":1,"66":1,"67":2,"68":2,"69":2,"70":2,"71":2,"72":1,"73":1,"74":2,"75":0,"76":0,"77":0,"78":0,"79":3,"80":3,"81":1,"82":1,"83":3,"84":8,"85":10,"86":3,"87":3,"88":2,"89":2,"90":1,"91":1,"92":2,"93":2,"94":2,"95":2,"96":2,"97":1,"98":1,"99":2,"100":0,"101":0,"102":0,"103":0,"104":3,"105":3,"106":1,"107":1,"108":3,"109":8,"110":10,"111":3,"112":3,"113":2,"114":2,"115":1,"116":1,"117":2,"118":2,"119":2,"120":2,"121":2,"122":1,"123":1,"124":2,"125":0,"126":0,"127":0,"128":0,"129":3,"130":3,"131":1,"132":1,"133":1,"134":1},"f":{"0":1,"1":0,"2":1,"3":1,"4":3,"5":1,"6":1,"7":2,"8":5,"9":2,"10":1,"11":3,"12":8,"13":3,"14":1,"15":3,"16":8,"17":3,"18":1,"19":3,"20":8,"21":3},"b":{"0":[1,1,0,0,1],"1":[1,0],"2":[2,1,1,0,0,2],"3":[1,1],"4":[2,1,1],"5":[3,2,2,0,0,3],"6":[2,1],"7":[1,1],"8":[3,2,2,0,0,3],"9":[2,1],"10":[1,1],"11":[3,2,2,0,0,3],"12":[2,1],"13":[1,1]},"inputSourceMap":{"version":3,"sources":["ProductController.js"],"names":["util","Util","ProductController","req","res","ProductService","getAllProducts","allProducts","length","setSuccess","send","setError","console","log","body","name","price","has_burger","newProduct","addProduct","createdProduct","message","alteredProduct","id","params","Number","updateProduct","getProduct","theProduct","deleteProduct","productToDelete"],"mappings":";;;;;;;;;;;;;;;;;AAAA;;AACA;;AAEA,IAAMA,IAAI,GAAG,IAAIC,gBAAJ,EAAb;;IAEMC,iB;;;;;;;;2HACwBC,G,EAAKC,G;;;;;;;;uBAEHC,2BAAeC,cAAf,E;;;AAApBC,gBAAAA,W;;AACN,oBAAIA,WAAW,CAACC,MAAZ,GAAqB,CAAzB,EAA4B;AAC1BR,kBAAAA,IAAI,CAACS,UAAL,CAAgB,GAAhB,EAAqB,oBAArB,EAA2CF,WAA3C;AACD,iBAFD,MAEO;AACLP,kBAAAA,IAAI,CAACS,UAAL,CAAgB,GAAhB,EAAqB,kBAArB;AACD;;iDACMT,IAAI,CAACU,IAAL,CAAUN,GAAV,C;;;;;AAEPJ,gBAAAA,IAAI,CAACW,QAAL,CAAc,GAAd;iDACOX,IAAI,CAACU,IAAL,CAAUN,GAAV,C;;;;;;;;;;;;;;;;;;;wHAIaD,G,EAAKC,G;;;;;;AAC3BQ,gBAAAA,OAAO,CAACC,GAAR,CAAYV,GAAG,CAACW,IAAJ,CAASC,IAArB,EAA2BZ,GAAG,CAACW,IAAJ,CAASE,KAApC;;sBACI,CAACb,GAAG,CAACW,IAAJ,CAASC,IAAV,IAAkB,CAACZ,GAAG,CAACW,IAAJ,CAASE,KAA5B,IAAsC,OAAOb,GAAG,CAACW,IAAJ,CAASG,UAAhB,KAA+B,S;;;;;AACvEjB,gBAAAA,IAAI,CAACW,QAAL,CAAc,GAAd,EAAmB,yBAAnB;kDACOX,IAAI,CAACU,IAAL,CAAUN,GAAV,C;;;AAEHc,gBAAAA,U,GAAaf,GAAG,CAACW,I;;;uBAEQT,2BAAec,UAAf,CAA0BD,UAA1B,C;;;AAAvBE,gBAAAA,c;AACNpB,gBAAAA,IAAI,CAACS,UAAL,CAAgB,GAAhB,EAAqB,gBAArB,EAAuCW,cAAvC;kDACOpB,IAAI,CAACU,IAAL,CAAUN,GAAV,C;;;;;AAEPJ,gBAAAA,IAAI,CAACW,QAAL,CAAc,GAAd,EAAmB,aAAMU,OAAzB;kDACOrB,IAAI,CAACU,IAAL,CAAUN,GAAV,C;;;;;;;;;;;;;;;;;;;4HAIiBD,G,EAAKC,G;;;;;;AACzBkB,gBAAAA,c,GAAiBnB,GAAG,CAACW,I;AACnBS,gBAAAA,E,GAAOpB,GAAG,CAACqB,M,CAAXD,E;;oBACHE,MAAM,CAACF,EAAD,C;;;;;AACTvB,gBAAAA,IAAI,CAACW,QAAL,CAAc,GAAd,EAAmB,oCAAnB;kDACOX,IAAI,CAACU,IAAL,CAAUN,GAAV,C;;;;;uBAGqBC,2BAAeqB,aAAf,CAA6BH,EAA7B,EAAiCD,cAAjC,C;;;AAAtBI,gBAAAA,a;;AACN,oBAAI,CAACA,aAAL,EAAoB;AAClB1B,kBAAAA,IAAI,CAACW,QAAL,CAAc,GAAd,6CAAuDY,EAAvD;AACD,iBAFD,MAEO;AACLvB,kBAAAA,IAAI,CAACS,UAAL,CAAgB,GAAhB,EAAqB,iBAArB,EAAwCiB,aAAxC;AACD;;kDACM1B,IAAI,CAACU,IAAL,CAAUN,GAAV,C;;;;;AAEPJ,gBAAAA,IAAI,CAACW,QAAL,CAAc,GAAd;kDACOX,IAAI,CAACU,IAAL,CAAUN,GAAV,C;;;;;;;;;;;;;;;;;;;wHAIaD,G,EAAKC,G;;;;;;AACnBmB,gBAAAA,E,GAAOpB,GAAG,CAACqB,M,CAAXD,E;;oBAEHE,MAAM,CAACF,EAAD,C;;;;;AACTvB,gBAAAA,IAAI,CAACW,QAAL,CAAc,GAAd,EAAmB,oCAAnB;kDACOX,IAAI,CAACU,IAAL,CAAUN,GAAV,C;;;;;uBAIkBC,2BAAesB,UAAf,CAA0BJ,EAA1B,C;;;AAAnBK,gBAAAA,U;;AAEN,oBAAI,CAACA,UAAL,EAAiB;AACf5B,kBAAAA,IAAI,CAACW,QAAL,CAAc,GAAd,4CAAsDY,EAAtD;AACD,iBAFD,MAEO;AACLvB,kBAAAA,IAAI,CAACS,UAAL,CAAgB,GAAhB,EAAqB,eAArB,EAAsCmB,UAAtC;AACD;;kDACM5B,IAAI,CAACU,IAAL,CAAUN,GAAV,C;;;;;AAEPJ,gBAAAA,IAAI,CAACW,QAAL,CAAc,GAAd;kDACOX,IAAI,CAACU,IAAL,CAAUN,GAAV,C;;;;;;;;;;;;;;;;;;;2HAIgBD,G,EAAKC,G;;;;;;AACtBmB,gBAAAA,E,GAAOpB,GAAG,CAACqB,M,CAAXD,E;;oBAEHE,MAAM,CAACF,EAAD,C;;;;;AACTvB,gBAAAA,IAAI,CAACW,QAAL,CAAc,GAAd,EAAmB,gCAAnB;kDACOX,IAAI,CAACU,IAAL,CAAUN,GAAV,C;;;;;uBAIuBC,2BAAewB,aAAf,CAA6BN,EAA7B,C;;;AAAxBO,gBAAAA,e;;AAEN,oBAAIA,eAAJ,EAAqB;AACnB9B,kBAAAA,IAAI,CAACS,UAAL,CAAgB,GAAhB,EAAqB,iBAArB;AACD,iBAFD,MAEO;AACLT,kBAAAA,IAAI,CAACW,QAAL,CAAc,GAAd,gCAA0CY,EAA1C;AACD;;kDACMvB,IAAI,CAACU,IAAL,CAAUN,GAAV,C;;;;;AAEPJ,gBAAAA,IAAI,CAACW,QAAL,CAAc,GAAd;kDACOX,IAAI,CAACU,IAAL,CAAUN,GAAV,C;;;;;;;;;;;;;;;;;;;;eAKEF,iB","sourceRoot":"/app/api/server/src/controllers/","sourcesContent":["import ProductService from '../services/ProductService'\nimport Util from './util'\n\nconst util = new Util()\n\nclass ProductController {\n  static async getAllProducts(req, res) {\n    try {\n      const allProducts = await ProductService.getAllProducts()\n      if (allProducts.length > 0) {\n        util.setSuccess(200, 'Products retrieved', allProducts)\n      } else {\n        util.setSuccess(200, 'No Product found')\n      }\n      return util.send(res)\n    } catch (error) {\n      util.setError(400, error)\n      return util.send(res)\n    }\n  }\n\n  static async addProduct(req, res) {\n    console.log(req.body.name, req.body.price)\n    if (!req.body.name || !req.body.price || (typeof req.body.has_burger !== 'boolean')) {\n      util.setError(400, 'Please complete details')\n      return util.send(res)\n    }\n    const newProduct = req.body\n    try {\n      const createdProduct = await ProductService.addProduct(newProduct)\n      util.setSuccess(201, 'Product Added!', createdProduct)\n      return util.send(res)\n    } catch (error) {\n      util.setError(400, error.message)\n      return util.send(res)\n    }\n  }\n\n  static async updatedProduct(req, res) {\n    const alteredProduct = req.body\n    const { id } = req.params\n    if (!Number(id)) {\n      util.setError(400, 'Please input a valid numeric value')\n      return util.send(res)\n    }\n    try {\n      const updateProduct = await ProductService.updateProduct(id, alteredProduct)\n      if (!updateProduct) {\n        util.setError(404, `Cannot find Product with the id: ${id}`)\n      } else {\n        util.setSuccess(200, 'Product updated', updateProduct)\n      }\n      return util.send(res)\n    } catch (error) {\n      util.setError(404, error)\n      return util.send(res)\n    }\n  }\n\n  static async getProduct(req, res) {\n    const { id } = req.params\n\n    if (!Number(id)) {\n      util.setError(400, 'Please input a valid numeric value')\n      return util.send(res)\n    }\n\n    try {\n      const theProduct = await ProductService.getProduct(id)\n\n      if (!theProduct) {\n        util.setError(404, `Cannot find Product with the id ${id}`)\n      } else {\n        util.setSuccess(200, 'Found Product', theProduct)\n      }\n      return util.send(res)\n    } catch (error) {\n      util.setError(404, error)\n      return util.send(res)\n    }\n  }\n\n  static async deleteProduct(req, res) {\n    const { id } = req.params\n\n    if (!Number(id)) {\n      util.setError(400, 'Please provide a numeric value')\n      return util.send(res)\n    }\n\n    try {\n      const productToDelete = await ProductService.deleteProduct(id)\n\n      if (productToDelete) {\n        util.setSuccess(200, 'Product deleted')\n      } else {\n        util.setError(404, `Product with the id ${id} cannot be found`)\n      }\n      return util.send(res)\n    } catch (error) {\n      util.setError(400, error)\n      return util.send(res)\n    }\n  }\n}\n\nexport default ProductController"]},"_coverageSchema":"1a1c01bbd47fc00a2c39e90264f33305004495a9","hash":"84e7a82a6cad963413b736da88f6844abc218dd3","contentHash":"2ffad32dc16c9bbd9d4488afe7c9aa17f240f410a9b29f1dbcac1bf2d409f855"},"/app/api/server/src/services/ProductService.js":{"path":"/app/api/server/src/services/ProductService.js","statementMap":{"0":{"start":{"line":3,"column":29},"end":{"line":3,"column":84}},"1":{"start":{"line":5,"column":0},"end":{"line":7,"column":3}},"2":{"start":{"line":8,"column":0},"end":{"line":8,"column":28}},"3":{"start":{"line":10,"column":19},"end":{"line":10,"column":80}},"4":{"start":{"line":12,"column":25},"end":{"line":12,"column":99}},"5":{"start":{"line":14,"column":23},"end":{"line":14,"column":95}},"6":{"start":{"line":16,"column":20},"end":{"line":16,"column":89}},"7":{"start":{"line":18,"column":14},"end":{"line":18,"column":58}},"8":{"start":{"line":20,"column":34},"end":{"line":250,"column":3}},"9":{"start":{"line":22,"column":4},"end":{"line":22,"column":59}},"10":{"start":{"line":25,"column":2},"end":{"line":248,"column":6}},"11":{"start":{"line":28,"column":28},"end":{"line":51,"column":9}},"12":{"start":{"line":29,"column":8},"end":{"line":50,"column":36}},"13":{"start":{"line":30,"column":10},"end":{"line":49,"column":11}},"14":{"start":{"line":31,"column":12},"end":{"line":48,"column":13}},"15":{"start":{"line":33,"column":16},"end":{"line":33,"column":34}},"16":{"start":{"line":34,"column":16},"end":{"line":34,"column":34}},"17":{"start":{"line":35,"column":16},"end":{"line":35,"column":60}},"18":{"start":{"line":38,"column":16},"end":{"line":38,"column":64}},"19":{"start":{"line":41,"column":16},"end":{"line":41,"column":34}},"20":{"start":{"line":42,"column":16},"end":{"line":42,"column":51}},"21":{"start":{"line":43,"column":16},"end":{"line":43,"column":34}},"22":{"start":{"line":47,"column":16},"end":{"line":47,"column":39}},"23":{"start":{"line":54,"column":8},"end":{"line":54,"column":54}},"24":{"start":{"line":57,"column":6},"end":{"line":57,"column":28}},"25":{"start":{"line":62,"column":24},"end":{"line":85,"column":9}},"26":{"start":{"line":63,"column":8},"end":{"line":84,"column":37}},"27":{"start":{"line":64,"column":10},"end":{"line":83,"column":11}},"28":{"start":{"line":65,"column":12},"end":{"line":82,"column":13}},"29":{"start":{"line":67,"column":16},"end":{"line":67,"column":35}},"30":{"start":{"line":68,"column":16},"end":{"line":68,"column":35}},"31":{"start":{"line":69,"column":16},"end":{"line":69,"column":69}},"32":{"start":{"line":72,"column":16},"end":{"line":72,"column":66}},"33":{"start":{"line":75,"column":16},"end":{"line":75,"column":35}},"34":{"start":{"line":76,"column":16},"end":{"line":76,"column":53}},"35":{"start":{"line":77,"column":16},"end":{"line":77,"column":35}},"36":{"start":{"line":81,"column":16},"end":{"line":81,"column":40}},"37":{"start":{"line":88,"column":8},"end":{"line":88,"column":50}},"38":{"start":{"line":91,"column":6},"end":{"line":91,"column":24}},"39":{"start":{"line":96,"column":28},"end":{"line":142,"column":9}},"40":{"start":{"line":98,"column":8},"end":{"line":141,"column":38}},"41":{"start":{"line":99,"column":10},"end":{"line":140,"column":11}},"42":{"start":{"line":100,"column":12},"end":{"line":139,"column":13}},"43":{"start":{"line":102,"column":16},"end":{"line":102,"column":35}},"44":{"start":{"line":103,"column":16},"end":{"line":103,"column":35}},"45":{"start":{"line":104,"column":16},"end":{"line":108,"column":19}},"46":{"start":{"line":111,"column":16},"end":{"line":111,"column":49}},"47":{"start":{"line":113,"column":16},"end":{"line":116,"column":17}},"48":{"start":{"line":114,"column":18},"end":{"line":114,"column":37}},"49":{"start":{"line":115,"column":18},"end":{"line":115,"column":24}},"50":{"start":{"line":118,"column":16},"end":{"line":118,"column":35}},"51":{"start":{"line":119,"column":16},"end":{"line":123,"column":19}},"52":{"start":{"line":126,"column":16},"end":{"line":126,"column":66}},"53":{"start":{"line":129,"column":16},"end":{"line":129,"column":56}},"54":{"start":{"line":132,"column":16},"end":{"line":132,"column":36}},"55":{"start":{"line":133,"column":16},"end":{"line":133,"column":53}},"56":{"start":{"line":134,"column":16},"end":{"line":134,"column":35}},"57":{"start":{"line":138,"column":16},"end":{"line":138,"column":40}},"58":{"start":{"line":145,"column":8},"end":{"line":145,"column":54}},"59":{"start":{"line":148,"column":6},"end":{"line":148,"column":27}},"60":{"start":{"line":153,"column":24},"end":{"line":182,"column":9}},"61":{"start":{"line":155,"column":8},"end":{"line":181,"column":37}},"62":{"start":{"line":156,"column":10},"end":{"line":180,"column":11}},"63":{"start":{"line":157,"column":12},"end":{"line":179,"column":13}},"64":{"start":{"line":159,"column":16},"end":{"line":159,"column":35}},"65":{"start":{"line":160,"column":16},"end":{"line":160,"column":35}},"66":{"start":{"line":161,"column":16},"end":{"line":165,"column":19}},"67":{"start":{"line":168,"column":16},"end":{"line":168,"column":44}},"68":{"start":{"line":169,"column":16},"end":{"line":169,"column":62}},"69":{"start":{"line":172,"column":16},"end":{"line":172,"column":35}},"70":{"start":{"line":173,"column":16},"end":{"line":173,"column":53}},"71":{"start":{"line":174,"column":16},"end":{"line":174,"column":35}},"72":{"start":{"line":178,"column":16},"end":{"line":178,"column":40}},"73":{"start":{"line":185,"column":8},"end":{"line":185,"column":50}},"74":{"start":{"line":188,"column":6},"end":{"line":188,"column":24}},"75":{"start":{"line":193,"column":27},"end":{"line":240,"column":9}},"76":{"start":{"line":195,"column":8},"end":{"line":239,"column":38}},"77":{"start":{"line":196,"column":10},"end":{"line":238,"column":11}},"78":{"start":{"line":197,"column":12},"end":{"line":237,"column":13}},"79":{"start":{"line":199,"column":16},"end":{"line":199,"column":35}},"80":{"start":{"line":200,"column":16},"end":{"line":200,"column":35}},"81":{"start":{"line":201,"column":16},"end":{"line":205,"column":19}},"82":{"start":{"line":208,"column":16},"end":{"line":208,"column":49}},"83":{"start":{"line":210,"column":16},"end":{"line":213,"column":17}},"84":{"start":{"line":211,"column":18},"end":{"line":211,"column":37}},"85":{"start":{"line":212,"column":18},"end":{"line":212,"column":24}},"86":{"start":{"line":215,"column":16},"end":{"line":215,"column":35}},"87":{"start":{"line":216,"column":16},"end":{"line":220,"column":19}},"88":{"start":{"line":223,"column":16},"end":{"line":223,"column":48}},"89":{"start":{"line":224,"column":16},"end":{"line":224,"column":66}},"90":{"start":{"line":227,"column":16},"end":{"line":227,"column":56}},"91":{"start":{"line":230,"column":16},"end":{"line":230,"column":36}},"92":{"start":{"line":231,"column":16},"end":{"line":231,"column":53}},"93":{"start":{"line":232,"column":16},"end":{"line":232,"column":35}},"94":{"start":{"line":236,"column":16},"end":{"line":236,"column":40}},"95":{"start":{"line":243,"column":8},"end":{"line":243,"column":53}},"96":{"start":{"line":246,"column":6},"end":{"line":246,"column":27}},"97":{"start":{"line":249,"column":2},"end":{"line":249,"column":24}},"98":{"start":{"line":252,"column":15},"end":{"line":252,"column":29}},"99":{"start":{"line":253,"column":0},"end":{"line":253,"column":30}}},"fnMap":{"0":{"name":"(anonymous_0)","decl":{"start":{"line":20,"column":34},"end":{"line":20,"column":35}},"loc":{"start":{"line":20,"column":46},"end":{"line":250,"column":1}},"line":20},"1":{"name":"ProductService","decl":{"start":{"line":21,"column":11},"end":{"line":21,"column":25}},"loc":{"start":{"line":21,"column":28},"end":{"line":23,"column":3}},"line":21},"2":{"name":"(anonymous_2)","decl":{"start":{"line":27,"column":11},"end":{"line":27,"column":12}},"loc":{"start":{"line":27,"column":23},"end":{"line":58,"column":5}},"line":27},"3":{"name":"_callee","decl":{"start":{"line":28,"column":115},"end":{"line":28,"column":122}},"loc":{"start":{"line":28,"column":125},"end":{"line":51,"column":7}},"line":28},"4":{"name":"_callee$","decl":{"start":{"line":29,"column":53},"end":{"line":29,"column":61}},"loc":{"start":{"line":29,"column":72},"end":{"line":50,"column":9}},"line":29},"5":{"name":"getAllProducts","decl":{"start":{"line":53,"column":15},"end":{"line":53,"column":29}},"loc":{"start":{"line":53,"column":32},"end":{"line":55,"column":7}},"line":53},"6":{"name":"(anonymous_6)","decl":{"start":{"line":61,"column":11},"end":{"line":61,"column":12}},"loc":{"start":{"line":61,"column":23},"end":{"line":92,"column":5}},"line":61},"7":{"name":"_callee2","decl":{"start":{"line":62,"column":111},"end":{"line":62,"column":119}},"loc":{"start":{"line":62,"column":132},"end":{"line":85,"column":7}},"line":62},"8":{"name":"_callee2$","decl":{"start":{"line":63,"column":53},"end":{"line":63,"column":62}},"loc":{"start":{"line":63,"column":74},"end":{"line":84,"column":9}},"line":63},"9":{"name":"addProduct","decl":{"start":{"line":87,"column":15},"end":{"line":87,"column":25}},"loc":{"start":{"line":87,"column":30},"end":{"line":89,"column":7}},"line":87},"10":{"name":"(anonymous_10)","decl":{"start":{"line":95,"column":11},"end":{"line":95,"column":12}},"loc":{"start":{"line":95,"column":23},"end":{"line":149,"column":5}},"line":95},"11":{"name":"_callee3","decl":{"start":{"line":96,"column":115},"end":{"line":96,"column":123}},"loc":{"start":{"line":96,"column":144},"end":{"line":142,"column":7}},"line":96},"12":{"name":"_callee3$","decl":{"start":{"line":98,"column":53},"end":{"line":98,"column":62}},"loc":{"start":{"line":98,"column":74},"end":{"line":141,"column":9}},"line":98},"13":{"name":"updateProduct","decl":{"start":{"line":144,"column":15},"end":{"line":144,"column":28}},"loc":{"start":{"line":144,"column":39},"end":{"line":146,"column":7}},"line":144},"14":{"name":"(anonymous_14)","decl":{"start":{"line":152,"column":11},"end":{"line":152,"column":12}},"loc":{"start":{"line":152,"column":23},"end":{"line":189,"column":5}},"line":152},"15":{"name":"_callee4","decl":{"start":{"line":153,"column":111},"end":{"line":153,"column":119}},"loc":{"start":{"line":153,"column":124},"end":{"line":182,"column":7}},"line":153},"16":{"name":"_callee4$","decl":{"start":{"line":155,"column":53},"end":{"line":155,"column":62}},"loc":{"start":{"line":155,"column":74},"end":{"line":181,"column":9}},"line":155},"17":{"name":"getProduct","decl":{"start":{"line":184,"column":15},"end":{"line":184,"column":25}},"loc":{"start":{"line":184,"column":31},"end":{"line":186,"column":7}},"line":184},"18":{"name":"(anonymous_18)","decl":{"start":{"line":192,"column":11},"end":{"line":192,"column":12}},"loc":{"start":{"line":192,"column":23},"end":{"line":247,"column":5}},"line":192},"19":{"name":"_callee5","decl":{"start":{"line":193,"column":114},"end":{"line":193,"column":122}},"loc":{"start":{"line":193,"column":127},"end":{"line":240,"column":7}},"line":193},"20":{"name":"_callee5$","decl":{"start":{"line":195,"column":53},"end":{"line":195,"column":62}},"loc":{"start":{"line":195,"column":74},"end":{"line":239,"column":9}},"line":195},"21":{"name":"deleteProduct","decl":{"start":{"line":242,"column":15},"end":{"line":242,"column":28}},"loc":{"start":{"line":242,"column":34},"end":{"line":244,"column":7}},"line":242}},"branchMap":{"0":{"loc":{"start":{"line":31,"column":12},"end":{"line":48,"column":13}},"type":"switch","locations":[{"start":{"line":32,"column":14},"end":{"line":35,"column":60}},{"start":{"line":37,"column":14},"end":{"line":38,"column":64}},{"start":{"line":40,"column":14},"end":{"line":43,"column":34}},{"start":{"line":45,"column":14},"end":{"line":45,"column":21}},{"start":{"line":46,"column":14},"end":{"line":47,"column":39}}],"line":31},"1":{"loc":{"start":{"line":65,"column":12},"end":{"line":82,"column":13}},"type":"switch","locations":[{"start":{"line":66,"column":14},"end":{"line":69,"column":69}},{"start":{"line":71,"column":14},"end":{"line":72,"column":66}},{"start":{"line":74,"column":14},"end":{"line":77,"column":35}},{"start":{"line":79,"column":14},"end":{"line":79,"column":21}},{"start":{"line":80,"column":14},"end":{"line":81,"column":40}}],"line":65},"2":{"loc":{"start":{"line":100,"column":12},"end":{"line":139,"column":13}},"type":"switch","locations":[{"start":{"line":101,"column":14},"end":{"line":108,"column":19}},{"start":{"line":110,"column":14},"end":{"line":123,"column":19}},{"start":{"line":125,"column":14},"end":{"line":126,"column":66}},{"start":{"line":128,"column":14},"end":{"line":129,"column":56}},{"start":{"line":131,"column":14},"end":{"line":134,"column":35}},{"start":{"line":136,"column":14},"end":{"line":136,"column":22}},{"start":{"line":137,"column":14},"end":{"line":138,"column":40}}],"line":100},"3":{"loc":{"start":{"line":113,"column":16},"end":{"line":116,"column":17}},"type":"if","locations":[{"start":{"line":113,"column":16},"end":{"line":116,"column":17}},{"start":{"line":113,"column":16},"end":{"line":116,"column":17}}],"line":113},"4":{"loc":{"start":{"line":157,"column":12},"end":{"line":179,"column":13}},"type":"switch","locations":[{"start":{"line":158,"column":14},"end":{"line":165,"column":19}},{"start":{"line":167,"column":14},"end":{"line":169,"column":62}},{"start":{"line":171,"column":14},"end":{"line":174,"column":35}},{"start":{"line":176,"column":14},"end":{"line":176,"column":22}},{"start":{"line":177,"column":14},"end":{"line":178,"column":40}}],"line":157},"5":{"loc":{"start":{"line":197,"column":12},"end":{"line":237,"column":13}},"type":"switch","locations":[{"start":{"line":198,"column":14},"end":{"line":205,"column":19}},{"start":{"line":207,"column":14},"end":{"line":220,"column":19}},{"start":{"line":222,"column":14},"end":{"line":224,"column":66}},{"start":{"line":226,"column":14},"end":{"line":227,"column":56}},{"start":{"line":229,"column":14},"end":{"line":232,"column":35}},{"start":{"line":234,"column":14},"end":{"line":234,"column":22}},{"start":{"line":235,"column":14},"end":{"line":236,"column":40}}],"line":197},"6":{"loc":{"start":{"line":210,"column":16},"end":{"line":213,"column":17}},"type":"if","locations":[{"start":{"line":210,"column":16},"end":{"line":213,"column":17}},{"start":{"line":210,"column":16},"end":{"line":213,"column":17}}],"line":210}},"s":{"0":1,"1":1,"2":1,"3":1,"4":1,"5":1,"6":1,"7":1,"8":1,"9":0,"10":1,"11":1,"12":1,"13":3,"14":3,"15":1,"16":1,"17":1,"18":1,"19":0,"20":0,"21":0,"22":1,"23":1,"24":1,"25":1,"26":1,"27":3,"28":3,"29":1,"30":1,"31":1,"32":1,"33":0,"34":0,"35":0,"36":1,"37":1,"38":1,"39":1,"40":2,"41":7,"42":8,"43":2,"44":2,"45":2,"46":2,"47":2,"48":1,"49":1,"50":1,"51":1,"52":1,"53":1,"54":0,"55":0,"56":0,"57":2,"58":2,"59":1,"60":1,"61":2,"62":6,"63":6,"64":2,"65":2,"66":2,"67":2,"68":2,"69":0,"70":0,"71":0,"72":2,"73":2,"74":1,"75":1,"76":2,"77":7,"78":8,"79":2,"80":2,"81":2,"82":2,"83":2,"84":1,"85":1,"86":1,"87":1,"88":1,"89":1,"90":1,"91":0,"92":0,"93":0,"94":2,"95":2,"96":1,"97":1,"98":1,"99":1},"f":{"0":1,"1":0,"2":1,"3":1,"4":3,"5":1,"6":1,"7":1,"8":3,"9":1,"10":1,"11":2,"12":7,"13":2,"14":1,"15":2,"16":6,"17":2,"18":1,"19":2,"20":7,"21":2},"b":{"0":[1,1,0,0,1],"1":[1,1,0,0,1],"2":[2,2,1,1,0,0,2],"3":[1,1],"4":[2,2,0,0,2],"5":[2,2,1,1,0,0,2],"6":[1,1]},"inputSourceMap":{"version":3,"sources":["ProductService.js"],"names":["ProductService","database","Product","findAll","newProduct","create","id","updateProduct","findOne","where","Number","productToUpdate","update","theProduct","productToDelete","destroy","deletedProduct"],"mappings":";;;;;;;;;;;;;;;;;AAAA;;IAEMA,c;;;;;;;;;;;;;;;uBAGaC,mBAASC,OAAT,CAAiBC,OAAjB,E;;;;;;;;;;;;;;;;;;;;;;;;;;;wHAMOC,U;;;;;;;uBAEPH,mBAASC,OAAT,CAAiBG,MAAjB,CAAwBD,UAAxB,C;;;;;;;;;;;;;;;;;;;;;;;;;;;4HAMUE,E,EAAIC,c;;;;;;;;uBAEGN,mBAASC,OAAT,CAAiBM,OAAjB,CAAyB;AACrDC,kBAAAA,KAAK,EAAE;AAAEH,oBAAAA,EAAE,EAAEI,MAAM,CAACJ,EAAD;AAAZ;AAD8C,iBAAzB,C;;;AAAxBK,gBAAAA,e;;qBAIFA,e;;;;;;uBACIV,mBAASC,OAAT,CAAiBU,MAAjB,CAAwBL,cAAxB,EAAuC;AAAEE,kBAAAA,KAAK,EAAE;AAAEH,oBAAAA,EAAE,EAAEI,MAAM,CAACJ,EAAD;AAAZ;AAAT,iBAAvC,C;;;kDAECC,c;;;kDAEF,I;;;;;;;;;;;;;;;;;;;;;;;;wHAMaD,E;;;;;;;;uBAEKL,mBAASC,OAAT,CAAiBM,OAAjB,CAAyB;AAChDC,kBAAAA,KAAK,EAAE;AAAEH,oBAAAA,EAAE,EAAEI,MAAM,CAACJ,EAAD;AAAZ;AADyC,iBAAzB,C;;;AAAnBO,gBAAAA,U;kDAICA,U;;;;;;;;;;;;;;;;;;;;;;;;2HAMgBP,E;;;;;;;;uBAEOL,mBAASC,OAAT,CAAiBM,OAAjB,CAAyB;AAAEC,kBAAAA,KAAK,EAAE;AAAEH,oBAAAA,EAAE,EAAEI,MAAM,CAACJ,EAAD;AAAZ;AAAT,iBAAzB,C;;;AAAxBQ,gBAAAA,e;;qBAEFA,e;;;;;;uBAC2Bb,mBAASC,OAAT,CAAiBa,OAAjB,CAAyB;AACpDN,kBAAAA,KAAK,EAAE;AAAEH,oBAAAA,EAAE,EAAEI,MAAM,CAACJ,EAAD;AAAZ;AAD6C,iBAAzB,C;;;AAAvBU,gBAAAA,c;kDAGCA,c;;;kDAEF,I;;;;;;;;;;;;;;;;;;;;;;;;;eAOEhB,c","sourceRoot":"/app/api/server/src/services/","sourcesContent":["import database from '../models'\n\nclass ProductService {\n  static async getAllProducts() {\n    try {\n      return await database.Product.findAll()\n    } catch (error) {\n      throw error\n    }\n  }\n\n  static async addProduct(newProduct) {\n    try {\n      return await database.Product.create(newProduct)\n    } catch (error) {\n      throw error\n    }\n  }\n\n  static async updateProduct(id, updateProduct) {\n    try {\n      const productToUpdate = await database.Product.findOne({\n        where: { id: Number(id) }\n      })\n\n      if (productToUpdate) {\n        await database.Product.update(updateProduct, { where: { id: Number(id) } })\n\n        return updateProduct\n      }\n      return null\n    } catch (error) {\n      throw error\n    }\n  }\n\n  static async getProduct(id) {\n    try {\n      const theProduct = await database.Product.findOne({\n        where: { id: Number(id) }\n      })\n\n      return theProduct\n    } catch (error) {\n      throw error\n    }\n  }\n\n  static async deleteProduct(id) {\n    try {\n      const productToDelete = await database.Product.findOne({ where: { id: Number(id) } })\n\n      if (productToDelete) {\n        const deletedProduct = await database.Product.destroy({\n          where: { id: Number(id) }\n        })\n        return deletedProduct\n      }\n      return null\n    } catch (error) {\n      throw error\n    }\n  }\n}\n\nexport default ProductService"]},"_coverageSchema":"1a1c01bbd47fc00a2c39e90264f33305004495a9","hash":"9102e2123909ea18acd29a6ff914ffd72a548d55","contentHash":"1889d09f261f3c58eed252e313784fc66c086764f977082ed95e3259fb78212c"},"/app/api/server/src/models/index.js":{"path":"/app/api/server/src/models/index.js","statementMap":{"0":{"start":{"line":3,"column":29},"end":{"line":3,"column":84}},"1":{"start":{"line":5,"column":0},"end":{"line":7,"column":3}},"2":{"start":{"line":8,"column":0},"end":{"line":8,"column":28}},"3":{"start":{"line":10,"column":10},"end":{"line":10,"column":47}},"4":{"start":{"line":12,"column":12},"end":{"line":12,"column":51}},"5":{"start":{"line":14,"column":17},"end":{"line":14,"column":61}},"6":{"start":{"line":16,"column":14},"end":{"line":16,"column":65}},"7":{"start":{"line":18,"column":0},"end":{"line":18,"column":27}},"8":{"start":{"line":20,"column":15},"end":{"line":20,"column":52}},"9":{"start":{"line":22,"column":10},"end":{"line":22,"column":69}},"10":{"start":{"line":23,"column":13},"end":{"line":23,"column":36}},"11":{"start":{"line":24,"column":0},"end":{"line":24,"column":46}},"12":{"start":{"line":25,"column":9},"end":{"line":25,"column":11}},"13":{"start":{"line":28,"column":0},"end":{"line":42,"column":1}},"14":{"start":{"line":29,"column":2},"end":{"line":29,"column":86}},"15":{"start":{"line":30,"column":2},"end":{"line":39,"column":5}},"16":{"start":{"line":41,"column":2},"end":{"line":41,"column":99}},"17":{"start":{"line":44,"column":0},"end":{"line":49,"column":3}},"18":{"start":{"line":45,"column":2},"end":{"line":45,"column":82}},"19":{"start":{"line":47,"column":14},"end":{"line":47,"column":73}},"20":{"start":{"line":48,"column":2},"end":{"line":48,"column":25}},"21":{"start":{"line":51,"column":0},"end":{"line":55,"column":3}},"22":{"start":{"line":52,"column":2},"end":{"line":54,"column":3}},"23":{"start":{"line":53,"column":4},"end":{"line":53,"column":32}},"24":{"start":{"line":56,"column":0},"end":{"line":56,"column":25}},"25":{"start":{"line":57,"column":0},"end":{"line":57,"column":37}},"26":{"start":{"line":58,"column":15},"end":{"line":58,"column":17}},"27":{"start":{"line":59,"column":0},"end":{"line":59,"column":30}}},"fnMap":{"0":{"name":"(anonymous_0)","decl":{"start":{"line":44,"column":45},"end":{"line":44,"column":46}},"loc":{"start":{"line":44,"column":61},"end":{"line":46,"column":1}},"line":44},"1":{"name":"(anonymous_1)","decl":{"start":{"line":46,"column":11},"end":{"line":46,"column":12}},"loc":{"start":{"line":46,"column":27},"end":{"line":49,"column":1}},"line":46},"2":{"name":"(anonymous_2)","decl":{"start":{"line":51,"column":24},"end":{"line":51,"column":25}},"loc":{"start":{"line":51,"column":45},"end":{"line":55,"column":1}},"line":51}},"branchMap":{"0":{"loc":{"start":{"line":22,"column":10},"end":{"line":22,"column":69}},"type":"cond-expr","locations":[{"start":{"line":22,"column":33},"end":{"line":22,"column":53}},{"start":{"line":22,"column":56},"end":{"line":22,"column":69}}],"line":22},"1":{"loc":{"start":{"line":28,"column":0},"end":{"line":42,"column":1}},"type":"if","locations":[{"start":{"line":28,"column":0},"end":{"line":42,"column":1}},{"start":{"line":28,"column":0},"end":{"line":42,"column":1}}],"line":28},"2":{"loc":{"start":{"line":45,"column":9},"end":{"line":45,"column":81}},"type":"binary-expr","locations":[{"start":{"line":45,"column":9},"end":{"line":45,"column":32}},{"start":{"line":45,"column":36},"end":{"line":45,"column":53}},{"start":{"line":45,"column":57},"end":{"line":45,"column":81}}],"line":45},"3":{"loc":{"start":{"line":52,"column":2},"end":{"line":54,"column":3}},"type":"if","locations":[{"start":{"line":52,"column":2},"end":{"line":54,"column":3}},{"start":{"line":52,"column":2},"end":{"line":54,"column":3}}],"line":52}},"s":{"0":1,"1":1,"2":1,"3":1,"4":1,"5":1,"6":1,"7":1,"8":1,"9":1,"10":1,"11":1,"12":1,"13":1,"14":0,"15":0,"16":1,"17":1,"18":5,"19":4,"20":4,"21":1,"22":4,"23":4,"24":1,"25":1,"26":1,"27":1},"f":{"0":5,"1":4,"2":4},"b":{"0":[1,0],"1":[0,1],"2":[5,5,4],"3":[4,0]},"inputSourceMap":{"version":3,"sources":["index.js"],"names":["require","config","basename","path","__filename","env","process","NODE_ENV","configJson","console","log","db","sequelize","environment","Sequelize","use_env_variable","DB_NAME","DB_USER","DB_PASS","host","DB_HOST","port","DB_PORT","dialect","dialectOption","ssl","logging","database","username","password","fs","readdirSync","__dirname","filter","file","indexOf","slice","forEach","model","join","name","Object","keys","modelName","associate"],"mappings":"AAAA;;;;;;;;;AAEA;;AACA;;AACA;;AACA;;AAJAA,OAAO,CAAC,QAAD,CAAP,CAAkBC,MAAlB;;AAMA,IAAMC,QAAQ,GAAGC,iBAAKD,QAAL,CAAcE,UAAd,CAAjB;;AACA,IAAMC,GAAG,GAAGC,OAAO,CAACD,GAAR,CAAYE,QAAZ,GAAuBD,OAAO,CAACD,GAAR,CAAYE,QAAnC,GAA8C,aAA1D;AAEA,IAAMN,MAAM,GAAGO,mBAAWH,GAAX,CAAf;AAEAI,OAAO,CAACC,GAAR,CAAY,2BAAZ,EAAyCL,GAAzC;AAEA,IAAMM,EAAE,GAAG,EAAX;AAEA,IAAIC,SAAJ;;AACA,IAAIX,MAAM,CAACY,WAAP,KAAuB,YAA3B,EAAyC;AACvCD,EAAAA,SAAS,GAAG,IAAIE,qBAAJ,CACVR,OAAO,CAACD,GAAR,CAAYJ,MAAM,CAACc,gBAAnB,CADU,EAC4Bd,MAD5B,CAAZ;AAGAW,EAAAA,SAAS,GAAG,IAAIE,qBAAJ,CACVR,OAAO,CAACD,GAAR,CAAYW,OADF,EAEVV,OAAO,CAACD,GAAR,CAAYY,OAFF,EAGVX,OAAO,CAACD,GAAR,CAAYa,OAHF,EAGW;AACrBC,IAAAA,IAAI,EAAEb,OAAO,CAACD,GAAR,CAAYe,OADG;AAErBC,IAAAA,IAAI,EAAEf,OAAO,CAACD,GAAR,CAAYiB,OAFG;AAGrBC,IAAAA,OAAO,EAAE,UAHY;AAIrBC,IAAAA,aAAa,EAAE;AACbC,MAAAA,GAAG,EAAE,IADQ;AAEb,gBAAQ;AAFK,KAJM;AAQrBC,IAAAA,OAAO,EAAE;AARY,GAHX,CAAZ;AAcD,CAlBD,MAkBO;AACLd,EAAAA,SAAS,GAAG,IAAIE,qBAAJ,CACVb,MAAM,CAAC0B,QADG,EACO1B,MAAM,CAAC2B,QADd,EACwB3B,MAAM,CAAC4B,QAD/B,EACyC5B,MADzC,CAAZ;AAGD;;AAED6B,eACGC,WADH,CACeC,SADf,EAEGC,MAFH,CAEU,UAACC,IAAD,EAAU;AAChB,SAAQA,IAAI,CAACC,OAAL,CAAa,GAAb,MAAsB,CAAvB,IACJD,IAAI,KAAKhC,QADL,IACmBgC,IAAI,CAACE,KAAL,CAAW,CAAC,CAAZ,MAAmB,KAD7C;AAED,CALH,EAMGC,OANH,CAMW,UAACH,IAAD,EAAU;AACjB,MAAMI,KAAK,GAAG1B,SAAS,UAAT,CAAiBT,iBAAKoC,IAAL,CAAUP,SAAV,EAAqBE,IAArB,CAAjB,CAAd;AACAvB,EAAAA,EAAE,CAAC2B,KAAK,CAACE,IAAP,CAAF,GAAiBF,KAAjB;AACD,CATH;;AAWAG,MAAM,CAACC,IAAP,CAAY/B,EAAZ,EAAgB0B,OAAhB,CAAwB,UAACM,SAAD,EAAe;AACrC,MAAIhC,EAAE,CAACgC,SAAD,CAAF,CAAcC,SAAlB,EAA6B;AAC3BjC,IAAAA,EAAE,CAACgC,SAAD,CAAF,CAAcC,SAAd,CAAwBjC,EAAxB;AACD;AACF,CAJD;AAMAA,EAAE,CAACC,SAAH,GAAeA,SAAf;AACAD,EAAE,CAACG,SAAH,GAAeA,qBAAf;eAEeH,E","sourceRoot":"/app/api/server/src/models/","sourcesContent":["'use strict';\nrequire('dotenv').config()\nimport fs from 'fs'\nimport path from 'path'\nimport Sequelize from 'sequelize'\nimport configJson from '../config/config'\n\nconst basename = path.basename(__filename)\nconst env = process.env.NODE_ENV ? process.env.NODE_ENV : 'development'\n\nconst config = configJson[env]\n\nconsole.log('this is the environment: ', env)\n\nconst db = {}\n\nlet sequelize\nif (config.environment === 'production') {\n  sequelize = new Sequelize(\n    process.env[config.use_env_variable], config\n  )\n  sequelize = new Sequelize(\n    process.env.DB_NAME,\n    process.env.DB_USER,\n    process.env.DB_PASS, {\n    host: process.env.DB_HOST,\n    port: process.env.DB_PORT,\n    dialect: 'postgres',\n    dialectOption: {\n      ssl: true,\n      native: true\n    },\n    logging: true\n  }\n  )\n} else {\n  sequelize = new Sequelize(\n    config.database, config.username, config.password, config\n  )\n}\n\nfs\n  .readdirSync(__dirname)\n  .filter((file) => {\n    return (file.indexOf('.') !== 0) &&\n      (file !== basename) && (file.slice(-3) === '.js')\n  })\n  .forEach((file) => {\n    const model = sequelize.import(path.join(__dirname, file))\n    db[model.name] = model\n  })\n\nObject.keys(db).forEach((modelName) => {\n  if (db[modelName].associate) {\n    db[modelName].associate(db)\n  }\n})\n\ndb.sequelize = sequelize\ndb.Sequelize = Sequelize\n\nexport default db"]},"_coverageSchema":"1a1c01bbd47fc00a2c39e90264f33305004495a9","hash":"6900557c77b7864593d5898fd6dfd522a6f16152","contentHash":"78f704ed124589fc50d9107b348416865703f2950acff67beb0a03fa12af1944"},"/app/api/server/src/config/config.js":{"path":"/app/api/server/src/config/config.js","statementMap":{"0":{"start":{"line":3,"column":0},"end":{"line":3,"column":27}},"1":{"start":{"line":5,"column":0},"end":{"line":33,"column":2}}},"fnMap":{},"branchMap":{},"s":{"0":1,"1":1},"f":{},"b":{},"inputSourceMap":{"version":3,"sources":["config.js"],"names":["require","config","module","exports","process","env","DB_USER","DB_PASS","DB_DATABASE","DB_HOST"],"mappings":";;AAAAA,OAAO,CAAC,QAAD,CAAP,CAAkBC,MAAlB;;AAEAC,MAAM,CAACC,OAAP,GAAiB;AACf,iBAAe;AACb,gBAAY,UADC;AAEb,gBAAY,SAFC;AAGb,gBAAY,uBAHC;AAIb,YAAQ,IAJK;AAKb,eAAW,UALE;AAMb,wBAAoB;AANP,GADA;AASf,UAAQ;AACN,gBAAY,UADN;AAEN,gBAAY,SAFN;AAGN,gBAAY,gBAHN;AAIN,YAAQ,IAJF;AAKN,eAAW,UALL;AAMN,wBAAoB;AANd,GATO;AAiBf,gBAAc;AACZ,gBAAYC,OAAO,CAACC,GAAR,CAAYC,OADZ;AAEZ,gBAAYF,OAAO,CAACC,GAAR,CAAYE,OAFZ;AAGZ,gBAAYH,OAAO,CAACC,GAAR,CAAYG,WAHZ;AAIZ,YAAQJ,OAAO,CAACC,GAAR,CAAYI,OAJR;AAKZ,eAAW,UALC;AAMZ,wBAAoB,KANR;AAOZ,sBAAkB;AAChB,aAAO;AADS;AAPN;AAjBC,CAAjB","sourceRoot":"/app/api/server/src/config/","sourcesContent":["require('dotenv').config();\n\nmodule.exports = {\n  \"development\": {\n    \"username\": \"postgres\",\n    \"password\": \"example\",\n    \"database\": \"new_store_development\",\n    \"host\": \"db\",\n    \"dialect\": \"postgres\",\n    \"operatorsAliases\": false\n  },\n  \"test\": {\n    \"username\": \"postgres\",\n    \"password\": \"example\",\n    \"database\": \"new_store_test\",\n    \"host\": \"db\",\n    \"dialect\": \"postgres\",\n    \"operatorsAliases\": false\n  },\n  \"production\": {\n    \"username\": process.env.DB_USER,\n    \"password\": process.env.DB_PASS,\n    \"database\": process.env.DB_DATABASE,\n    \"host\": process.env.DB_HOST,\n    \"dialect\": \"postgres\",\n    \"operatorsAliases\": false,\n    \"dialectOptions\": {\n      \"ssl\": true\n    }\n  }\n}\n"]},"_coverageSchema":"1a1c01bbd47fc00a2c39e90264f33305004495a9","hash":"d2507238703408e882774fceb30cfe6147747266","contentHash":"ccf7f6590c211330a9b857b2fc79491d9fea94f4b6020a87e00143d5ea79b6c8"},"/app/api/server/src/models/order.js":{"path":"/app/api/server/src/models/order.js","statementMap":{"0":{"start":{"line":3,"column":0},"end":{"line":17,"column":2}},"1":{"start":{"line":4,"column":14},"end":{"line":8,"column":8}},"2":{"start":{"line":10,"column":2},"end":{"line":14,"column":4}},"3":{"start":{"line":11,"column":4},"end":{"line":13,"column":7}},"4":{"start":{"line":16,"column":2},"end":{"line":16,"column":15}}},"fnMap":{"0":{"name":"(anonymous_0)","decl":{"start":{"line":3,"column":17},"end":{"line":3,"column":18}},"loc":{"start":{"line":3,"column":49},"end":{"line":17,"column":1}},"line":3},"1":{"name":"(anonymous_1)","decl":{"start":{"line":10,"column":20},"end":{"line":10,"column":21}},"loc":{"start":{"line":10,"column":38},"end":{"line":14,"column":3}},"line":10}},"branchMap":{},"s":{"0":1,"1":1,"2":1,"3":1,"4":1},"f":{"0":1,"1":1},"b":{},"inputSourceMap":{"version":3,"sources":["order.js"],"names":["module","exports","sequelize","DataTypes","Order","define","table","INTEGER","client_name","STRING","items","VIRTUAL","associate","models","hasMany","ProductsOrder","foreignKey"],"mappings":"AAAA;;AACAA,MAAM,CAACC,OAAP,GAAiB,UAACC,SAAD,EAAYC,SAAZ,EAA0B;AACzC,MAAMC,KAAK,GAAGF,SAAS,CAACG,MAAV,CAAiB,OAAjB,EAA0B;AACtCC,IAAAA,KAAK,EAAEH,SAAS,CAACI,OADqB;AAEtCC,IAAAA,WAAW,EAAEL,SAAS,CAACM,MAFe;AAGtCC,IAAAA,KAAK,EAAEP,SAAS,CAACQ;AAHqB,GAA1B,EAIX,EAJW,CAAd;;AAKAP,EAAAA,KAAK,CAACQ,SAAN,GAAkB,UAASC,MAAT,EAAiB;AACjCT,IAAAA,KAAK,CAACU,OAAN,CAAcD,MAAM,CAACE,aAArB,EAAoC;AAClCC,MAAAA,UAAU,EAAE;AADsB,KAApC;AAGD,GAJD;;AAKA,SAAOZ,KAAP;AACD,CAZD","sourceRoot":"/app/api/server/src/models/","sourcesContent":["'use strict';\nmodule.exports = (sequelize, DataTypes) => {\n  const Order = sequelize.define('Order', {\n    table: DataTypes.INTEGER,\n    client_name: DataTypes.STRING,\n    items: DataTypes.VIRTUAL\n  }, {});\n  Order.associate = function(models) {\n    Order.hasMany(models.ProductsOrder, {\n      foreignKey: 'orderId'\n    })\n  };\n  return Order;\n};"]},"_coverageSchema":"1a1c01bbd47fc00a2c39e90264f33305004495a9","hash":"440fbb9dcc5e4ef7883d02e9318cbc78fd1c85a6","contentHash":"554fa08e509632b4e50833bbcd5407a44e53298e1a5d26cc78b3edbe73d8ef49"},"/app/api/server/src/models/product.js":{"path":"/app/api/server/src/models/product.js","statementMap":{"0":{"start":{"line":3,"column":0},"end":{"line":18,"column":2}},"1":{"start":{"line":4,"column":16},"end":{"line":9,"column":8}},"2":{"start":{"line":11,"column":2},"end":{"line":15,"column":4}},"3":{"start":{"line":12,"column":4},"end":{"line":14,"column":7}},"4":{"start":{"line":17,"column":2},"end":{"line":17,"column":17}}},"fnMap":{"0":{"name":"(anonymous_0)","decl":{"start":{"line":3,"column":17},"end":{"line":3,"column":18}},"loc":{"start":{"line":3,"column":49},"end":{"line":18,"column":1}},"line":3},"1":{"name":"(anonymous_1)","decl":{"start":{"line":11,"column":22},"end":{"line":11,"column":23}},"loc":{"start":{"line":11,"column":40},"end":{"line":15,"column":3}},"line":11}},"branchMap":{},"s":{"0":1,"1":1,"2":1,"3":1,"4":1},"f":{"0":1,"1":1},"b":{},"inputSourceMap":{"version":3,"sources":["product.js"],"names":["module","exports","sequelize","DataTypes","Product","define","name","STRING","price","DECIMAL","has_extra","BOOLEAN","has_burger","associate","models","hasMany","ProductsOrder","foreignKey"],"mappings":"AAAA;;AACAA,MAAM,CAACC,OAAP,GAAiB,UAACC,SAAD,EAAYC,SAAZ,EAA0B;AACzC,MAAMC,OAAO,GAAGF,SAAS,CAACG,MAAV,CAAiB,SAAjB,EAA4B;AAC1CC,IAAAA,IAAI,EAAEH,SAAS,CAACI,MAD0B;AAE1CC,IAAAA,KAAK,EAAEL,SAAS,CAACM,OAAV,CAAkB,EAAlB,EAAsB,CAAtB,CAFmC;AAG1CC,IAAAA,SAAS,EAAEP,SAAS,CAACQ,OAHqB;AAI1CC,IAAAA,UAAU,EAAET,SAAS,CAACQ;AAJoB,GAA5B,EAKb,EALa,CAAhB;;AAMAP,EAAAA,OAAO,CAACS,SAAR,GAAoB,UAASC,MAAT,EAAiB;AACnCV,IAAAA,OAAO,CAACW,OAAR,CAAgBD,MAAM,CAACE,aAAvB,EAAsC;AACpCC,MAAAA,UAAU,EAAE;AADwB,KAAtC;AAGD,GAJD;;AAKA,SAAOb,OAAP;AACD,CAbD","sourceRoot":"/app/api/server/src/models/","sourcesContent":["'use strict';\nmodule.exports = (sequelize, DataTypes) => {\n  const Product = sequelize.define('Product', {\n    name: DataTypes.STRING,\n    price: DataTypes.DECIMAL(10, 2),\n    has_extra: DataTypes.BOOLEAN,\n    has_burger: DataTypes.BOOLEAN,\n  }, {});\n  Product.associate = function(models) {\n    Product.hasMany(models.ProductsOrder, {\n      foreignKey: 'productId'\n    })\n  };\n  return Product;\n};"]},"_coverageSchema":"1a1c01bbd47fc00a2c39e90264f33305004495a9","hash":"f95887accfed89b370b199aae698750504191284","contentHash":"6cab1949e593163ca5762c7b8ec66e485d7d1806a2eced32b05a29b81e687db0"},"/app/api/server/src/models/productsorder.js":{"path":"/app/api/server/src/models/productsorder.js","statementMap":{"0":{"start":{"line":3,"column":0},"end":{"line":20,"column":2}},"1":{"start":{"line":4,"column":22},"end":{"line":8,"column":8}},"2":{"start":{"line":10,"column":2},"end":{"line":17,"column":4}},"3":{"start":{"line":11,"column":4},"end":{"line":13,"column":7}},"4":{"start":{"line":14,"column":4},"end":{"line":16,"column":7}},"5":{"start":{"line":19,"column":2},"end":{"line":19,"column":23}}},"fnMap":{"0":{"name":"(anonymous_0)","decl":{"start":{"line":3,"column":17},"end":{"line":3,"column":18}},"loc":{"start":{"line":3,"column":49},"end":{"line":20,"column":1}},"line":3},"1":{"name":"(anonymous_1)","decl":{"start":{"line":10,"column":28},"end":{"line":10,"column":29}},"loc":{"start":{"line":10,"column":46},"end":{"line":17,"column":3}},"line":10}},"branchMap":{},"s":{"0":1,"1":1,"2":1,"3":1,"4":1,"5":1},"f":{"0":1,"1":1},"b":{},"inputSourceMap":{"version":3,"sources":["productsorder.js"],"names":["module","exports","sequelize","DataTypes","ProductsOrder","define","add_extra","STRING","add_type","quantity","INTEGER","associate","models","belongsTo","Product","foreignKey","Order"],"mappings":"AAAA;;AACAA,MAAM,CAACC,OAAP,GAAiB,UAACC,SAAD,EAAYC,SAAZ,EAA0B;AACzC,MAAMC,aAAa,GAAGF,SAAS,CAACG,MAAV,CAAiB,eAAjB,EAAkC;AACtDC,IAAAA,SAAS,EAAEH,SAAS,CAACI,MADiC;AAEtDC,IAAAA,QAAQ,EAAEL,SAAS,CAACI,MAFkC;AAGtDE,IAAAA,QAAQ,EAAEN,SAAS,CAACO;AAHkC,GAAlC,EAInB,EAJmB,CAAtB;;AAKAN,EAAAA,aAAa,CAACO,SAAd,GAA0B,UAASC,MAAT,EAAiB;AACzCR,IAAAA,aAAa,CAACS,SAAd,CAAwBD,MAAM,CAACE,OAA/B,EAAwC;AACtCC,MAAAA,UAAU,EAAE;AAD0B,KAAxC;AAGAX,IAAAA,aAAa,CAACS,SAAd,CAAwBD,MAAM,CAACI,KAA/B,EAAsC;AACpCD,MAAAA,UAAU,EAAE;AADwB,KAAtC;AAGD,GAPD;;AAQA,SAAOX,aAAP;AACD,CAfD","sourceRoot":"/app/api/server/src/models/","sourcesContent":["'use strict';\nmodule.exports = (sequelize, DataTypes) => {\n  const ProductsOrder = sequelize.define('ProductsOrder', {\n    add_extra: DataTypes.STRING,\n    add_type: DataTypes.STRING,\n    quantity: DataTypes.INTEGER,\n  }, {});\n  ProductsOrder.associate = function(models) {\n    ProductsOrder.belongsTo(models.Product, {\n      foreignKey: 'productId'\n    })\n    ProductsOrder.belongsTo(models.Order, {\n      foreignKey: 'orderId'\n    })\n  };\n  return ProductsOrder;\n};"]},"_coverageSchema":"1a1c01bbd47fc00a2c39e90264f33305004495a9","hash":"92f394ec778dc227fc0fb6adff21e652ffe95736","contentHash":"9a1699ce517ed1a0f7843c11343f5c82348fedbc26f74ef0f3b7e926f9629030"},"/app/api/server/src/models/user.js":{"path":"/app/api/server/src/models/user.js","statementMap":{"0":{"start":{"line":3,"column":0},"end":{"line":14,"column":2}},"1":{"start":{"line":4,"column":13},"end":{"line":8,"column":8}},"2":{"start":{"line":10,"column":2},"end":{"line":11,"column":4}},"3":{"start":{"line":13,"column":2},"end":{"line":13,"column":14}}},"fnMap":{"0":{"name":"(anonymous_0)","decl":{"start":{"line":3,"column":17},"end":{"line":3,"column":18}},"loc":{"start":{"line":3,"column":49},"end":{"line":14,"column":1}},"line":3},"1":{"name":"(anonymous_1)","decl":{"start":{"line":10,"column":19},"end":{"line":10,"column":20}},"loc":{"start":{"line":10,"column":37},"end":{"line":11,"column":3}},"line":10}},"branchMap":{},"s":{"0":1,"1":1,"2":1,"3":1},"f":{"0":1,"1":1},"b":{},"inputSourceMap":{"version":3,"sources":["user.js"],"names":["module","exports","sequelize","DataTypes","User","define","name","STRING","email","password","associate","models"],"mappings":"AAAA;;AACAA,MAAM,CAACC,OAAP,GAAiB,UAACC,SAAD,EAAYC,SAAZ,EAA0B;AACzC,MAAMC,IAAI,GAAGF,SAAS,CAACG,MAAV,CAAiB,MAAjB,EAAyB;AACpCC,IAAAA,IAAI,EAAEH,SAAS,CAACI,MADoB;AAEpCC,IAAAA,KAAK,EAAEL,SAAS,CAACI,MAFmB;AAGpCE,IAAAA,QAAQ,EAAEN,SAAS,CAACI;AAHgB,GAAzB,EAIV,EAJU,CAAb;;AAKAH,EAAAA,IAAI,CAACM,SAAL,GAAiB,UAASC,MAAT,EAAiB,CAChC;AACD,GAFD;;AAGA,SAAOP,IAAP;AACD,CAVD","sourceRoot":"/app/api/server/src/models/","sourcesContent":["'use strict';\nmodule.exports = (sequelize, DataTypes) => {\n  const User = sequelize.define('User', {\n    name: DataTypes.STRING,\n    email: DataTypes.STRING,\n    password: DataTypes.STRING\n  }, {});\n  User.associate = function(models) {\n    // associations can be defined here\n  };\n  return User;\n};"]},"_coverageSchema":"1a1c01bbd47fc00a2c39e90264f33305004495a9","hash":"b7c3b126286a8c793c528e4e65850bc7f9147caa","contentHash":"78e480dfad425c0652aebe8d5045d90d3f6a9e7f202060ae420e85d17648f2c4"},"/app/api/server/src/controllers/util.js":{"path":"/app/api/server/src/controllers/util.js","statementMap":{"0":{"start":{"line":3,"column":29},"end":{"line":3,"column":84}},"1":{"start":{"line":5,"column":0},"end":{"line":7,"column":3}},"2":{"start":{"line":8,"column":0},"end":{"line":8,"column":28}},"3":{"start":{"line":10,"column":23},"end":{"line":10,"column":95}},"4":{"start":{"line":12,"column":20},"end":{"line":12,"column":89}},"5":{"start":{"line":14,"column":24},"end":{"line":58,"column":3}},"6":{"start":{"line":16,"column":4},"end":{"line":16,"column":49}},"7":{"start":{"line":17,"column":4},"end":{"line":17,"column":27}},"8":{"start":{"line":18,"column":4},"end":{"line":18,"column":21}},"9":{"start":{"line":19,"column":4},"end":{"line":19,"column":21}},"10":{"start":{"line":20,"column":4},"end":{"line":20,"column":24}},"11":{"start":{"line":23,"column":2},"end":{"line":56,"column":6}},"12":{"start":{"line":26,"column":6},"end":{"line":26,"column":35}},"13":{"start":{"line":27,"column":6},"end":{"line":27,"column":29}},"14":{"start":{"line":28,"column":6},"end":{"line":28,"column":23}},"15":{"start":{"line":29,"column":6},"end":{"line":29,"column":28}},"16":{"start":{"line":34,"column":6},"end":{"line":34,"column":35}},"17":{"start":{"line":35,"column":6},"end":{"line":35,"column":29}},"18":{"start":{"line":36,"column":6},"end":{"line":36,"column":26}},"19":{"start":{"line":41,"column":19},"end":{"line":45,"column":7}},"20":{"start":{"line":47,"column":6},"end":{"line":49,"column":7}},"21":{"start":{"line":48,"column":8},"end":{"line":48,"column":56}},"22":{"start":{"line":51,"column":6},"end":{"line":54,"column":9}},"23":{"start":{"line":57,"column":2},"end":{"line":57,"column":14}},"24":{"start":{"line":60,"column":0},"end":{"line":60,"column":26}}},"fnMap":{"0":{"name":"(anonymous_0)","decl":{"start":{"line":14,"column":24},"end":{"line":14,"column":25}},"loc":{"start":{"line":14,"column":36},"end":{"line":58,"column":1}},"line":14},"1":{"name":"Util","decl":{"start":{"line":15,"column":11},"end":{"line":15,"column":15}},"loc":{"start":{"line":15,"column":18},"end":{"line":21,"column":3}},"line":15},"2":{"name":"setSuccess","decl":{"start":{"line":25,"column":20},"end":{"line":25,"column":30}},"loc":{"start":{"line":25,"column":58},"end":{"line":30,"column":5}},"line":25},"3":{"name":"setError","decl":{"start":{"line":33,"column":20},"end":{"line":33,"column":28}},"loc":{"start":{"line":33,"column":50},"end":{"line":37,"column":5}},"line":33},"4":{"name":"send","decl":{"start":{"line":40,"column":20},"end":{"line":40,"column":24}},"loc":{"start":{"line":40,"column":30},"end":{"line":55,"column":5}},"line":40}},"branchMap":{"0":{"loc":{"start":{"line":47,"column":6},"end":{"line":49,"column":7}},"type":"if","locations":[{"start":{"line":47,"column":6},"end":{"line":49,"column":7}},{"start":{"line":47,"column":6},"end":{"line":49,"column":7}}],"line":47}},"s":{"0":1,"1":1,"2":1,"3":1,"4":1,"5":1,"6":3,"7":3,"8":3,"9":3,"10":3,"11":1,"12":15,"13":15,"14":15,"15":15,"16":21,"17":21,"18":21,"19":36,"20":36,"21":15,"22":21,"23":1,"24":1},"f":{"0":1,"1":3,"2":15,"3":21,"4":36},"b":{"0":[15,21]},"inputSourceMap":{"version":3,"sources":["util.js"],"names":["Util","statusCode","type","data","message","res","result","status","json"],"mappings":";;;;;;;;;;;;;IAAqBA,I;AACnB,kBAAc;AAAA;AACZ,SAAKC,UAAL,GAAkB,IAAlB;AACA,SAAKC,IAAL,GAAY,IAAZ;AACA,SAAKC,IAAL,GAAY,IAAZ;AACA,SAAKC,OAAL,GAAe,IAAf;AACD;;;;+BAEUH,U,EAAYG,O,EAASD,I,EAAM;AACpC,WAAKF,UAAL,GAAkBA,UAAlB;AACA,WAAKG,OAAL,GAAeA,OAAf;AACA,WAAKD,IAAL,GAAYA,IAAZ;AACA,WAAKD,IAAL,GAAY,SAAZ;AACD;;;6BAEQD,U,EAAYG,O,EAAS;AAC5B,WAAKH,UAAL,GAAkBA,UAAlB;AACA,WAAKG,OAAL,GAAeA,OAAf;AACA,WAAKF,IAAL,GAAY,OAAZ;AACD;;;yBAEIG,G,EAAK;AACR,UAAMC,MAAM,GAAG;AACbC,QAAAA,MAAM,EAAE,KAAKL,IADA;AAEbE,QAAAA,OAAO,EAAE,KAAKA,OAFD;AAGbD,QAAAA,IAAI,EAAE,KAAKA;AAHE,OAAf;;AAMA,UAAI,KAAKD,IAAL,KAAc,SAAlB,EAA6B;AAC3B,eAAOG,GAAG,CAACE,MAAJ,CAAW,KAAKN,UAAhB,EAA4BO,IAA5B,CAAiCF,MAAjC,CAAP;AACD;;AACD,aAAOD,GAAG,CAACE,MAAJ,CAAW,KAAKN,UAAhB,EAA4BO,IAA5B,CAAiC;AACtCD,QAAAA,MAAM,EAAE,KAAKL,IADyB;AAEtCE,QAAAA,OAAO,EAAE,KAAKA;AAFwB,OAAjC,CAAP;AAID","sourceRoot":"/app/api/server/src/controllers/","sourcesContent":["export default class Util {\n  constructor() {\n    this.statusCode = null\n    this.type = null\n    this.data = null\n    this.message = null\n  }\n\n  setSuccess(statusCode, message, data) {\n    this.statusCode = statusCode\n    this.message = message\n    this.data = data\n    this.type = 'success'\n  }\n\n  setError(statusCode, message) {\n    this.statusCode = statusCode\n    this.message = message\n    this.type = 'error'\n  }\n\n  send(res) {\n    const result = {\n      status: this.type,\n      message: this.message,\n      data: this.data,\n    }\n\n    if (this.type === 'success') {\n      return res.status(this.statusCode).json(result)\n    }\n    return res.status(this.statusCode).json({\n      status: this.type,\n      message: this.message,\n    })\n  }\n}"]},"_coverageSchema":"1a1c01bbd47fc00a2c39e90264f33305004495a9","hash":"845e29e9b496a71771948e38fc965d554a12441f","contentHash":"31d071525337c0c5198f288945f9fc7d72ea6a703791839163ad5e1f46c86a3b"},"/app/api/server/src/routes/OrderRoutes.js":{"path":"/app/api/server/src/routes/OrderRoutes.js","statementMap":{"0":{"start":{"line":3,"column":29},"end":{"line":3,"column":84}},"1":{"start":{"line":5,"column":0},"end":{"line":7,"column":3}},"2":{"start":{"line":8,"column":0},"end":{"line":8,"column":28}},"3":{"start":{"line":10,"column":15},"end":{"line":10,"column":33}},"4":{"start":{"line":12,"column":24},"end":{"line":12,"column":90}},"5":{"start":{"line":14,"column":13},"end":{"line":14,"column":35}},"6":{"start":{"line":15,"column":0},"end":{"line":15,"column":50}},"7":{"start":{"line":16,"column":0},"end":{"line":16,"column":51}},"8":{"start":{"line":17,"column":0},"end":{"line":17,"column":58}},"9":{"start":{"line":18,"column":0},"end":{"line":18,"column":62}},"10":{"start":{"line":19,"column":0},"end":{"line":19,"column":67}},"11":{"start":{"line":20,"column":0},"end":{"line":20,"column":68}},"12":{"start":{"line":21,"column":0},"end":{"line":21,"column":67}},"13":{"start":{"line":22,"column":15},"end":{"line":22,"column":21}},"14":{"start":{"line":23,"column":0},"end":{"line":23,"column":30}}},"fnMap":{},"branchMap":{},"s":{"0":1,"1":1,"2":1,"3":1,"4":1,"5":1,"6":1,"7":1,"8":1,"9":1,"10":1,"11":1,"12":1,"13":1,"14":1},"f":{},"b":{},"inputSourceMap":{"version":3,"sources":["OrderRoutes.js"],"names":["router","get","OrderController","all","post","add","getOrder","put","updatedOrder","deleteOrder","getItemsById","createItem"],"mappings":";;;;;;;;;AAAA;;AACA;;AAEA,IAAMA,MAAM,GAAG,sBAAf;AACAA,MAAM,CAACC,GAAP,CAAW,GAAX,EAAgBC,6BAAgBC,GAAhC;AACAH,MAAM,CAACI,IAAP,CAAY,GAAZ,EAAiBF,6BAAgBG,GAAjC;AACAL,MAAM,CAACC,GAAP,CAAW,MAAX,EAAmBC,6BAAgBI,QAAnC;AACAN,MAAM,CAACO,GAAP,CAAW,MAAX,EAAmBL,6BAAgBM,YAAnC;AACAR,MAAM,UAAN,CAAc,MAAd,EAAsBE,6BAAgBO,WAAtC;AACAT,MAAM,CAACC,GAAP,CAAW,YAAX,EAAyBC,6BAAgBQ,YAAzC;AACAV,MAAM,CAACI,IAAP,CAAY,YAAZ,EAA0BF,6BAAgBS,UAA1C;eAEeX,M","sourceRoot":"/app/api/server/src/routes/","sourcesContent":["import { Router } from 'express'\nimport OrderController from '../controllers/OrdersController'\n\nconst router = Router()\nrouter.get('/', OrderController.all)\nrouter.post('/', OrderController.add)\nrouter.get('/:id', OrderController.getOrder)\nrouter.put('/:id', OrderController.updatedOrder)\nrouter.delete('/:id', OrderController.deleteOrder)\nrouter.get('/:id/items', OrderController.getItemsById)\nrouter.post('/:id/items', OrderController.createItem)\n\nexport default router"]},"_coverageSchema":"1a1c01bbd47fc00a2c39e90264f33305004495a9","hash":"e76da355209ed98bdfdfdf64a13743f0c94e1cff","contentHash":"9e24817c3214ee5a2ce45c8b12d5b80d95d19c4f093f4ff499754f2407d399b8"},"/app/api/server/src/controllers/OrdersController.js":{"path":"/app/api/server/src/controllers/OrdersController.js","statementMap":{"0":{"start":{"line":3,"column":29},"end":{"line":3,"column":84}},"1":{"start":{"line":5,"column":0},"end":{"line":7,"column":3}},"2":{"start":{"line":8,"column":0},"end":{"line":8,"column":28}},"3":{"start":{"line":10,"column":19},"end":{"line":10,"column":80}},"4":{"start":{"line":12,"column":25},"end":{"line":12,"column":99}},"5":{"start":{"line":14,"column":23},"end":{"line":14,"column":95}},"6":{"start":{"line":16,"column":20},"end":{"line":16,"column":89}},"7":{"start":{"line":18,"column":20},"end":{"line":18,"column":79}},"8":{"start":{"line":20,"column":28},"end":{"line":20,"column":95}},"9":{"start":{"line":22,"column":12},"end":{"line":22,"column":53}},"10":{"start":{"line":24,"column":11},"end":{"line":24,"column":33}},"11":{"start":{"line":26,"column":35},"end":{"line":372,"column":3}},"12":{"start":{"line":28,"column":4},"end":{"line":28,"column":60}},"13":{"start":{"line":31,"column":2},"end":{"line":370,"column":6}},"14":{"start":{"line":34,"column":17},"end":{"line":60,"column":9}},"15":{"start":{"line":36,"column":8},"end":{"line":59,"column":20}},"16":{"start":{"line":37,"column":10},"end":{"line":58,"column":11}},"17":{"start":{"line":38,"column":12},"end":{"line":57,"column":13}},"18":{"start":{"line":40,"column":16},"end":{"line":40,"column":34}},"19":{"start":{"line":41,"column":16},"end":{"line":41,"column":54}},"20":{"start":{"line":44,"column":16},"end":{"line":44,"column":39}},"21":{"start":{"line":46,"column":16},"end":{"line":50,"column":17}},"22":{"start":{"line":47,"column":18},"end":{"line":47,"column":67}},"23":{"start":{"line":49,"column":18},"end":{"line":49,"column":57}},"24":{"start":{"line":52,"column":16},"end":{"line":52,"column":65}},"25":{"start":{"line":56,"column":16},"end":{"line":56,"column":39}},"26":{"start":{"line":63,"column":8},"end":{"line":63,"column":43}},"27":{"start":{"line":66,"column":6},"end":{"line":66,"column":17}},"28":{"start":{"line":71,"column":22},"end":{"line":115,"column":9}},"29":{"start":{"line":73,"column":8},"end":{"line":114,"column":38}},"30":{"start":{"line":74,"column":10},"end":{"line":113,"column":11}},"31":{"start":{"line":75,"column":12},"end":{"line":112,"column":13}},"32":{"start":{"line":77,"column":16},"end":{"line":77,"column":35}},"33":{"start":{"line":79,"column":16},"end":{"line":82,"column":17}},"34":{"start":{"line":80,"column":18},"end":{"line":80,"column":37}},"35":{"start":{"line":81,"column":18},"end":{"line":81,"column":24}},"36":{"start":{"line":84,"column":16},"end":{"line":84,"column":73}},"37":{"start":{"lin
[...]
r(400, error.message)\n      return util.send(res)\n    }\n  }\n\n  static async updatedUser(req, res) {\n    const alteredUser = req.body\n    const { id } = req.params\n    if (!Number(id)) {\n      util.setError(400, 'Please input a valid numeric value')\n      return util.send(res)\n    }\n    try {\n      const updateUser = await UserService.updateUser(id, alteredUser)\n      if (!updateUser) {\n        util.setError(404, `Cannot find User with the id: ${id}`)\n      } else {\n        util.setSuccess(200, 'User updated', updateUser)\n      }\n      return util.send(res)\n    } catch (error) {\n      util.setError(404, error)\n      return util.send(res)\n    }\n  }\n\n  static async getUser(req, res) {\n    const { id } = req.params\n\n    if (!Number(id)) {\n      util.setError(400, 'Please input a valid numeric value')\n      return util.send(res)\n    }\n\n    try {\n      const theUser = await UserService.getUser(id)\n\n      if (!theUser) {\n        util.setError(404, `Cannot find User with the id ${id}`)\n      } else {\n        util.setSuccess(200, 'Found User', theUser)\n      }\n      return util.send(res)\n    } catch (error) {\n      util.setError(404, error)\n      return util.send(res)\n    }\n  }\n\n  static async deleteUser(req, res) {\n    const { id } = req.params\n\n    if (!Number(id)) {\n      util.setError(400, 'Please provide a numeric value')\n      return util.send(res)\n    }\n\n    try {\n      const userToDelete = await UserService.deleteUser(id)\n\n      if (userToDelete) {\n        util.setSuccess(200, 'User deleted')\n      } else {\n        util.setError(404, `User with the id ${id} cannot be found`)\n      }\n      return util.send(res)\n    } catch (error) {\n      util.setError(400, error)\n      return util.send(res)\n    }\n  }\n}\n\nexport default UserController"]},"_coverageSchema":"1a1c01bbd47fc00a2c39e90264f33305004495a9","hash":"fbf4c4634a9236b28510af30294023a6ce8ecd7b","contentHash":"b0b9cde0ab6dada79235f5e84847627d059df5cb934860324ce1b9aceb658f19"},"/app/api/server/src/services/UserService.js":{"path":"/app/api/server/src/services/UserService.js","statementMap":{"0":{"start":{"line":3,"column":29},"end":{"line":3,"column":84}},"1":{"start":{"line":5,"column":0},"end":{"line":7,"column":3}},"2":{"start":{"line":8,"column":0},"end":{"line":8,"column":28}},"3":{"start":{"line":10,"column":19},"end":{"line":10,"column":80}},"4":{"start":{"line":12,"column":25},"end":{"line":12,"column":99}},"5":{"start":{"line":14,"column":23},"end":{"line":14,"column":95}},"6":{"start":{"line":16,"column":20},"end":{"line":16,"column":89}},"7":{"start":{"line":18,"column":14},"end":{"line":18,"column":58}},"8":{"start":{"line":20,"column":31},"end":{"line":250,"column":3}},"9":{"start":{"line":22,"column":4},"end":{"line":22,"column":56}},"10":{"start":{"line":25,"column":2},"end":{"line":248,"column":6}},"11":{"start":{"line":28,"column":25},"end":{"line":51,"column":9}},"12":{"start":{"line":29,"column":8},"end":{"line":50,"column":36}},"13":{"start":{"line":30,"column":10},"end":{"line":49,"column":11}},"14":{"start":{"line":31,"column":12},"end":{"line":48,"column":13}},"15":{"start":{"line":33,"column":16},"end":{"line":33,"column":34}},"16":{"start":{"line":34,"column":16},"end":{"line":34,"column":34}},"17":{"start":{"line":35,"column":16},"end":{"line":35,"column":57}},"18":{"start":{"line":38,"column":16},"end":{"line":38,"column":64}},"19":{"start":{"line":41,"column":16},"end":{"line":41,"column":34}},"20":{"start":{"line":42,"column":16},"end":{"line":42,"column":51}},"21":{"start":{"line":43,"column":16},"end":{"line":43,"column":34}},"22":{"start":{"line":47,"column":16},"end":{"line":47,"column":39}},"23":{"start":{"line":54,"column":8},"end":{"line":54,"column":51}},"24":{"start":{"line":57,"column":6},"end":{"line":57,"column":25}},"25":{"start":{"line":62,"column":21},"end":{"line":85,"column":9}},"26":{"start":{"line":63,"column":8},"end":{"line":84,"column":37}},"27":{"start":{"line":64,"column":10},"end":{"line":83,"column":11}},"28":{"start":{"line":65,"column":12},"end":{"line":82,"column":13}},"29":{"start":{"line":67,"column":16},"end":{"line":67,"column":35}},"30":{"start":{"line":68,"column":16},"end":{"line":68,"column":35}},"31":{"start":{"line":69,"column":16},"end":{"line":69,"column":63}},"32":{"start":{"line":72,"column":16},"end":{"line":72,"column":66}},"33":{"start":{"line":75,"column":16},"end":{"line":75,"column":35}},"34":{"start":{"line":76,"column":16},"end":{"line":76,"column":53}},"35":{"start":{"line":77,"column":16},"end":{"line":77,"column":35}},"36":{"start":{"line":81,"column":16},"end":{"line":81,"column":40}},"37":{"start":{"line":88,"column":8},"end":{"line":88,"column":47}},"38":{"start":{"line":91,"column":6},"end":{"line":91,"column":21}},"39":{"start":{"line":96,"column":25},"end":{"line":142,"column":9}},"40":{"start":{"line":98,"column":8},"end":{"line":141,"column":38}},"41":{"start":{"line":99,"column":10},"end":{"line":140,"column":11}},"42":{"start":{"line":100,"column":12},"end":{"line":139,"column":13}},"43":{"start":{"line":102,"column":16},"end":{"line":102,"column":35}},"44":{"start":{"line":103,"column":16},"end":{"line":103,"column":35}},"45":{"start":{"line":104,"column":16},"end":{"line":108,"column":19}},"46":{"start":{"line":111,"column":16},"end":{"line":111,"column":46}},"47":{"start":{"line":113,"column":16},"end":{"line":116,"column":17}},"48":{"start":{"line":114,"column":18},"end":{"line":114,"column":37}},"49":{"start":{"line":115,"column":18},"end":{"line":115,"column":24}},"50":{"start":{"line":118,"column":16},"end":{"line":118,"column":35}},"51":{"start":{"line":119,"column":16},"end":{"line":123,"column":19}},"52":{"start":{"line":126,"column":16},"end":{"line":126,"column":63}},"53":{"start":{"line":129,"column":16},"end":{"line":129,"column":56}},"54":{"start":{"line":132,"column":16},"end":{"line":132,"column":36}},"55":{"start":{"line":133,"column":16},"end":{"line":133,"column":53}},"56":{"start":{"line":134,"column":16},"end":{"line":134,"column":35}},"57":{"start":{"line":138,"column":16},"end":{"line":138,"column":40}},"58":{"start":{"line":145,"column":8},"end":{"line":145,"column":51}},"59":{"start":{"line":148,"column":6},"end":{"line":148,"column":24}},"60":{"start":{"line":153,"column":21},"end":{"line":182,"column":9}},"61":{"start":{"line":155,"column":8},"end":{"line":181,"column":37}},"62":{"start":{"line":156,"column":10},"end":{"line":180,"column":11}},"63":{"start":{"line":157,"column":12},"end":{"line":179,"column":13}},"64":{"start":{"line":159,"column":16},"end":{"line":159,"column":35}},"65":{"start":{"line":160,"column":16},"end":{"line":160,"column":35}},"66":{"start":{"line":161,"column":16},"end":{"line":165,"column":19}},"67":{"start":{"line":168,"column":16},"end":{"line":168,"column":41}},"68":{"start":{"line":169,"column":16},"end":{"line":169,"column":59}},"69":{"start":{"line":172,"column":16},"end":{"line":172,"column":35}},"70":{"start":{"line":173,"column":16},"end":{"line":173,"column":53}},"71":{"start":{"line":174,"column":16},"end":{"line":174,"column":35}},"72":{"start":{"line":178,"column":16},"end":{"line":178,"column":40}},"73":{"start":{"line":185,"column":8},"end":{"line":185,"column":47}},"74":{"start":{"line":188,"column":6},"end":{"line":188,"column":21}},"75":{"start":{"line":193,"column":24},"end":{"line":240,"column":9}},"76":{"start":{"line":195,"column":8},"end":{"line":239,"column":38}},"77":{"start":{"line":196,"column":10},"end":{"line":238,"column":11}},"78":{"start":{"line":197,"column":12},"end":{"line":237,"column":13}},"79":{"start":{"line":199,"column":16},"end":{"line":199,"column":35}},"80":{"start":{"line":200,"column":16},"end":{"line":200,"column":35}},"81":{"start":{"line":201,"column":16},"end":{"line":205,"column":19}},"82":{"start":{"line":208,"column":16},"end":{"line":208,"column":46}},"83":{"start":{"line":210,"column":16},"end":{"line":213,"column":17}},"84":{"start":{"line":211,"column":18},"end":{"line":211,"column":37}},"85":{"start":{"line":212,"column":18},"end":{"line":212,"column":24}},"86":{"start":{"line":215,"column":16},"end":{"line":215,"column":35}},"87":{"start":{"line":216,"column":16},"end":{"line":220,"column":19}},"88":{"start":{"line":223,"column":16},"end":{"line":223,"column":45}},"89":{"start":{"line":224,"column":16},"end":{"line":224,"column":63}},"90":{"start":{"line":227,"column":16},"end":{"line":227,"column":56}},"91":{"start":{"line":230,"column":16},"end":{"line":230,"column":36}},"92":{"start":{"line":231,"column":16},"end":{"line":231,"column":53}},"93":{"start":{"line":232,"column":16},"end":{"line":232,"column":35}},"94":{"start":{"line":236,"column":16},"end":{"line":236,"column":40}},"95":{"start":{"line":243,"column":8},"end":{"line":243,"column":50}},"96":{"start":{"line":246,"column":6},"end":{"line":246,"column":24}},"97":{"start":{"line":249,"column":2},"end":{"line":249,"column":21}},"98":{"start":{"line":252,"column":15},"end":{"line":252,"column":26}},"99":{"start":{"line":253,"column":0},"end":{"line":253,"column":30}}},"fnMap":{"0":{"name":"(anonymous_0)","decl":{"start":{"line":20,"column":31},"end":{"line":20,"column":32}},"loc":{"start":{"line":20,"column":43},"end":{"line":250,"column":1}},"line":20},"1":{"name":"UserService","decl":{"start":{"line":21,"column":11},"end":{"line":21,"column":22}},"loc":{"start":{"line":21,"column":25},"end":{"line":23,"column":3}},"line":21},"2":{"name":"(anonymous_2)","decl":{"start":{"line":27,"column":11},"end":{"line":27,"column":12}},"loc":{"start":{"line":27,"column":23},"end":{"line":58,"column":5}},"line":27},"3":{"name":"_callee","decl":{"start":{"line":28,"column":112},"end":{"line":28,"column":119}},"loc":{"start":{"line":28,"column":122},"end":{"line":51,"column":7}},"line":28},"4":{"name":"_callee$","decl":{"start":{"line":29,"column":53},"end":{"line":29,"column":61}},"loc":{"start":{"line":29,"column":72},"end":{"line":50,"column":9}},"line":29},"5":{"name":"getAllUsers","decl":{"start":{"line":53,"column":15},"end":{"line":53,"column":26}},"loc":{"start":{"line":53,"column":29},"end":{"line":55,"column":7}},"line":53},"6":{"name":"(anonymous_6)","decl":{"start":{"line":61,"column":11},"end":{"line":61,"column":12}},"loc":{"start":{"line":61,"column":23},"end":{"line":92,"column":5}},"line":61},"7":{"name":"_callee2","decl":{"start":{"line":62,"column":108},"end":{"line":62,"column":116}},"loc":{"start":{"line":62,"column":126},"end":{"line":85,"column":7}},"line":62},"8":{"name":"_callee2$","decl":{"start":{"line":63,"column":53},"end":{"line":63,"column":62}},"loc":{"start":{"line":63,"column":74},"end":{"line":84,"column":9}},"line":63},"9":{"name":"addUser","decl":{"start":{"line":87,"column":15},"end":{"line":87,"column":22}},"loc":{"start":{"line":87,"column":27},"end":{"line":89,"column":7}},"line":87},"10":{"name":"(anonymous_10)","decl":{"start":{"line":95,"column":11},"end":{"line":95,"column":12}},"loc":{"start":{"line":95,"column":23},"end":{"line":149,"column":5}},"line":95},"11":{"name":"_callee3","decl":{"start":{"line":96,"column":112},"end":{"line":96,"column":120}},"loc":{"start":{"line":96,"column":138},"end":{"line":142,"column":7}},"line":96},"12":{"name":"_callee3$","decl":{"start":{"line":98,"column":53},"end":{"line":98,"column":62}},"loc":{"start":{"line":98,"column":74},"end":{"line":141,"column":9}},"line":98},"13":{"name":"updateUser","decl":{"start":{"line":144,"column":15},"end":{"line":144,"column":25}},"loc":{"start":{"line":144,"column":36},"end":{"line":146,"column":7}},"line":144},"14":{"name":"(anonymous_14)","decl":{"start":{"line":152,"column":11},"end":{"line":152,"column":12}},"loc":{"start":{"line":152,"column":23},"end":{"line":189,"column":5}},"line":152},"15":{"name":"_callee4","decl":{"start":{"line":153,"column":108},"end":{"line":153,"column":116}},"loc":{"start":{"line":153,"column":121},"end":{"line":182,"column":7}},"line":153},"16":{"name":"_callee4$","decl":{"start":{"line":155,"column":53},"end":{"line":155,"column":62}},"loc":{"start":{"line":155,"column":74},"end":{"line":181,"column":9}},"line":155},"17":{"name":"getUser","decl":{"start":{"line":184,"column":15},"end":{"line":184,"column":22}},"loc":{"start":{"line":184,"column":28},"end":{"line":186,"column":7}},"line":184},"18":{"name":"(anonymous_18)","decl":{"start":{"line":192,"column":11},"end":{"line":192,"column":12}},"loc":{"start":{"line":192,"column":23},"end":{"line":247,"column":5}},"line":192},"19":{"name":"_callee5","decl":{"start":{"line":193,"column":111},"end":{"line":193,"column":119}},"loc":{"start":{"line":193,"column":124},"end":{"line":240,"column":7}},"line":193},"20":{"name":"_callee5$","decl":{"start":{"line":195,"column":53},"end":{"line":195,"column":62}},"loc":{"start":{"line":195,"column":74},"end":{"line":239,"column":9}},"line":195},"21":{"name":"deleteUser","decl":{"start":{"line":242,"column":15},"end":{"line":242,"column":25}},"loc":{"start":{"line":242,"column":31},"end":{"line":244,"column":7}},"line":242}},"branchMap":{"0":{"loc":{"start":{"line":31,"column":12},"end":{"line":48,"column":13}},"type":"switch","locations":[{"start":{"line":32,"column":14},"end":{"line":35,"column":57}},{"start":{"line":37,"column":14},"end":{"line":38,"column":64}},{"start":{"line":40,"column":14},"end":{"line":43,"column":34}},{"start":{"line":45,"column":14},"end":{"line":45,"column":21}},{"start":{"line":46,"column":14},"end":{"line":47,"column":39}}],"line":31},"1":{"loc":{"start":{"line":65,"column":12},"end":{"line":82,"column":13}},"type":"switch","locations":[{"start":{"line":66,"column":14},"end":{"line":69,"column":63}},{"start":{"line":71,"column":14},"end":{"line":72,"column":66}},{"start":{"line":74,"column":14},"end":{"line":77,"column":35}},{"start":{"line":79,"column":14},"end":{"line":79,"column":21}},{"start":{"line":80,"column":14},"end":{"line":81,"column":40}}],"line":65},"2":{"loc":{"start":{"line":100,"column":12},"end":{"line":139,"column":13}},"type":"switch","locations":[{"start":{"line":101,"column":14},"end":{"line":108,"column":19}},{"start":{"line":110,"column":14},"end":{"line":123,"column":19}},{"start":{"line":125,"column":14},"end":{"line":126,"column":63}},{"start":{"line":128,"column":14},"end":{"line":129,"column":56}},{"start":{"line":131,"column":14},"end":{"line":134,"column":35}},{"start":{"line":136,"column":14},"end":{"line":136,"column":22}},{"start":{"line":137,"column":14},"end":{"line":138,"column":40}}],"line":100},"3":{"loc":{"start":{"line":113,"column":16},"end":{"line":116,"column":17}},"type":"if","locations":[{"start":{"line":113,"column":16},"end":{"line":116,"column":17}},{"start":{"line":113,"column":16},"end":{"line":116,"column":17}}],"line":113},"4":{"loc":{"start":{"line":157,"column":12},"end":{"line":179,"column":13}},"type":"switch","locations":[{"start":{"line":158,"column":14},"end":{"line":165,"column":19}},{"start":{"line":167,"column":14},"end":{"line":169,"column":59}},{"start":{"line":171,"column":14},"end":{"line":174,"column":35}},{"start":{"line":176,"column":14},"end":{"line":176,"column":22}},{"start":{"line":177,"column":14},"end":{"line":178,"column":40}}],"line":157},"5":{"loc":{"start":{"line":197,"column":12},"end":{"line":237,"column":13}},"type":"switch","locations":[{"start":{"line":198,"column":14},"end":{"line":205,"column":19}},{"start":{"line":207,"column":14},"end":{"line":220,"column":19}},{"start":{"line":222,"column":14},"end":{"line":224,"column":63}},{"start":{"line":226,"column":14},"end":{"line":227,"column":56}},{"start":{"line":229,"column":14},"end":{"line":232,"column":35}},{"start":{"line":234,"column":14},"end":{"line":234,"column":22}},{"start":{"line":235,"column":14},"end":{"line":236,"column":40}}],"line":197},"6":{"loc":{"start":{"line":210,"column":16},"end":{"line":213,"column":17}},"type":"if","locations":[{"start":{"line":210,"column":16},"end":{"line":213,"column":17}},{"start":{"line":210,"column":16},"end":{"line":213,"column":17}}],"line":210}},"s":{"0":1,"1":1,"2":1,"3":1,"4":1,"5":1,"6":1,"7":1,"8":1,"9":0,"10":1,"11":1,"12":1,"13":3,"14":3,"15":1,"16":1,"17":1,"18":1,"19":0,"20":0,"21":0,"22":1,"23":1,"24":1,"25":1,"26":1,"27":3,"28":3,"29":1,"30":1,"31":1,"32":1,"33":0,"34":0,"35":0,"36":1,"37":1,"38":1,"39":1,"40":2,"41":7,"42":8,"43":2,"44":2,"45":2,"46":2,"47":2,"48":1,"49":1,"50":1,"51":1,"52":1,"53":1,"54":0,"55":0,"56":0,"57":2,"58":2,"59":1,"60":1,"61":2,"62":6,"63":6,"64":2,"65":2,"66":2,"67":2,"68":2,"69":0,"70":0,"71":0,"72":2,"73":2,"74":1,"75":1,"76":2,"77":7,"78":8,"79":2,"80":2,"81":2,"82":2,"83":2,"84":1,"85":1,"86":1,"87":1,"88":1,"89":1,"90":1,"91":0,"92":0,"93":0,"94":2,"95":2,"96":1,"97":1,"98":1,"99":1},"f":{"0":1,"1":0,"2":1,"3":1,"4":3,"5":1,"6":1,"7":1,"8":3,"9":1,"10":1,"11":2,"12":7,"13":2,"14":1,"15":2,"16":6,"17":2,"18":1,"19":2,"20":7,"21":2},"b":{"0":[1,1,0,0,1],"1":[1,1,0,0,1],"2":[2,2,1,1,0,0,2],"3":[1,1],"4":[2,2,0,0,2],"5":[2,2,1,1,0,0,2],"6":[1,1]},"inputSourceMap":{"version":3,"sources":["UserService.js"],"names":["UserService","database","User","findAll","newUser","create","id","updateUser","findOne","where","Number","userToUpdate","update","theUser","userToDelete","destroy","deletedUser"],"mappings":";;;;;;;;;;;;;;;;;AAAA;;IAEMA,W;;;;;;;;;;;;;;;uBAGaC,mBAASC,IAAT,CAAcC,OAAd,E;;;;;;;;;;;;;;;;;;;;;;;;;;;qHAMIC,O;;;;;;;uBAEJH,mBAASC,IAAT,CAAcG,MAAd,CAAqBD,OAArB,C;;;;;;;;;;;;;;;;;;;;;;;;;;;yHAMOE,E,EAAIC,W;;;;;;;;uBAEGN,mBAASC,IAAT,CAAcM,OAAd,CAAsB;AAC/CC,kBAAAA,KAAK,EAAE;AAAEH,oBAAAA,EAAE,EAAEI,MAAM,CAACJ,EAAD;AAAZ;AADwC,iBAAtB,C;;;AAArBK,gBAAAA,Y;;qBAIFA,Y;;;;;;uBACIV,mBAASC,IAAT,CAAcU,MAAd,CAAqBL,WAArB,EAAiC;AAAEE,kBAAAA,KAAK,EAAE;AAAEH,oBAAAA,EAAE,EAAEI,MAAM,CAACJ,EAAD;AAAZ;AAAT,iBAAjC,C;;;kDAECC,W;;;kDAEF,I;;;;;;;;;;;;;;;;;;;;;;;;qHAMUD,E;;;;;;;;uBAEKL,mBAASC,IAAT,CAAcM,OAAd,CAAsB;AAC1CC,kBAAAA,KAAK,EAAE;AAAEH,oBAAAA,EAAE,EAAEI,MAAM,CAACJ,EAAD;AAAZ;AADmC,iBAAtB,C;;;AAAhBO,gBAAAA,O;kDAICA,O;;;;;;;;;;;;;;;;;;;;;;;;wHAMaP,E;;;;;;;;uBAEOL,mBAASC,IAAT,CAAcM,OAAd,CAAsB;AAAEC,kBAAAA,KAAK,EAAE;AAAEH,oBAAAA,EAAE,EAAEI,MAAM,CAACJ,EAAD;AAAZ;AAAT,iBAAtB,C;;;AAArBQ,gBAAAA,Y;;qBAEFA,Y;;;;;;uBACwBb,mBAASC,IAAT,CAAca,OAAd,CAAsB;AAC9CN,kBAAAA,KAAK,EAAE;AAAEH,oBAAAA,EAAE,EAAEI,MAAM,CAACJ,EAAD;AAAZ;AADuC,iBAAtB,C;;;AAApBU,gBAAAA,W;kDAGCA,W;;;kDAEF,I;;;;;;;;;;;;;;;;;;;;;;;;;eAOEhB,W","sourceRoot":"/app/api/server/src/services/","sourcesContent":["import database from '../models'\n\nclass UserService {\n  static async getAllUsers() {\n    try {\n      return await database.User.findAll()\n    } catch (error) {\n      throw error\n    }\n  }\n\n  static async addUser(newUser) {\n    try {\n      return await database.User.create(newUser)\n    } catch (error) {\n      throw error\n    }\n  }\n\n  static async updateUser(id, updateUser) {\n    try {\n      const userToUpdate = await database.User.findOne({\n        where: { id: Number(id) }\n      })\n\n      if (userToUpdate) {\n        await database.User.update(updateUser, { where: { id: Number(id) } })\n\n        return updateUser\n      }\n      return null\n    } catch (error) {\n      throw error\n    }\n  }\n\n  static async getUser(id) {\n    try {\n      const theUser = await database.User.findOne({\n        where: { id: Number(id) }\n      })\n\n      return theUser\n    } catch (error) {\n      throw error\n    }\n  }\n\n  static async deleteUser(id) {\n    try {\n      const userToDelete = await database.User.findOne({ where: { id: Number(id) } })\n\n      if (userToDelete) {\n        const deletedUser = await database.User.destroy({\n          where: { id: Number(id) }\n        })\n        return deletedUser\n      }\n      return null\n    } catch (error) {\n      throw error\n    }\n  }\n}\n\nexport default UserService"]},"_coverageSchema":"1a1c01bbd47fc00a2c39e90264f33305004495a9","hash":"92bc77763de3dc6c97d81d2dc16eb007bcb52dbc","contentHash":"266861288f855895c63fefba760305280c75b2e836487a4b8c6cca24fbb9d549"}}